[0.095s] DEBUG:colcon:Command line arguments: ['/usr/bin/colcon', 'build', '--cmake-args', '-DCMAKE_BUILD_TYPE=Release', '-DCMAKE_EXPORT_COMPILE_COMMANDS=ON', '-DCMAKE_C_COMPILER_LAUNCHER=ccache', '-DCMAKE_CXX_COMPILER_LAUNCHER=ccache', '--symlink-install']
[0.095s] DEBUG:colcon:Parsed command line arguments: Namespace(log_base=None, log_level=None, verb_name='build', build_base='build', install_base='install', merge_install=False, symlink_install=True, test_result_base=None, continue_on_error=False, executor='parallel', parallel_workers=32, event_handlers=None, ignore_user_meta=False, metas=['./colcon.meta'], base_paths=['.'], packages_ignore=None, packages_ignore_regex=None, paths=None, packages_up_to=None, packages_up_to_regex=None, packages_above=None, packages_above_and_dependencies=None, packages_above_depth=None, packages_select_by_dep=None, packages_skip_by_dep=None, packages_skip_up_to=None, packages_select_build_failed=False, packages_skip_build_finished=False, packages_select_test_failures=False, packages_skip_test_passed=False, packages_select=None, packages_skip=None, packages_select_regex=None, packages_skip_regex=None, packages_start=None, packages_end=None, allow_overriding=[], cmake_args=['-DCMAKE_BUILD_TYPE=Release', '-DCMAKE_EXPORT_COMPILE_COMMANDS=ON', '-DCMAKE_C_COMPILER_LAUNCHER=ccache', '-DCMAKE_CXX_COMPILER_LAUNCHER=ccache'], cmake_target=None, cmake_target_skip_unavailable=False, cmake_clean_cache=False, cmake_clean_first=False, cmake_force_configure=False, ament_cmake_args=None, catkin_cmake_args=None, catkin_skip_building_tests=False, mixin_files=None, mixin=None, verb_parser=<colcon_mixin.mixin.mixin_argument.MixinArgumentDecorator object at 0x7a8c153d0ca0>, verb_extension=<colcon_core.verb.build.BuildVerb object at 0x7a8c15346350>, main=<bound method BuildVerb.main of <colcon_core.verb.build.BuildVerb object at 0x7a8c15346350>>, mixin_verb=('build',))
[0.306s] Level 1:colcon.colcon_core.package_discovery:discover_packages(colcon_meta) check parameters
[0.306s] Level 1:colcon.colcon_core.package_discovery:discover_packages(recursive) check parameters
[0.306s] Level 1:colcon.colcon_core.package_discovery:discover_packages(ignore) check parameters
[0.306s] Level 1:colcon.colcon_core.package_discovery:discover_packages(path) check parameters
[0.306s] Level 1:colcon.colcon_core.package_discovery:discover_packages(colcon_meta) discover
[0.306s] Level 1:colcon.colcon_core.package_discovery:discover_packages(recursive) discover
[0.306s] INFO:colcon.colcon_core.package_discovery:Crawling recursively for packages in '/home/joe/Desktop/segway_ws/segway_ws'
[0.306s] Level 1:colcon.colcon_core.package_identification:_identify(.) by extensions ['ignore', 'ignore_ament_install']
[0.306s] Level 1:colcon.colcon_core.package_identification:_identify(.) by extension 'ignore'
[0.306s] Level 1:colcon.colcon_core.package_identification:_identify(.) by extension 'ignore_ament_install'
[0.306s] Level 1:colcon.colcon_core.package_identification:_identify(.) by extensions ['colcon_pkg']
[0.306s] Level 1:colcon.colcon_core.package_identification:_identify(.) by extension 'colcon_pkg'
[0.306s] Level 1:colcon.colcon_core.package_identification:_identify(.) by extensions ['colcon_meta']
[0.306s] Level 1:colcon.colcon_core.package_identification:_identify(.) by extension 'colcon_meta'
[0.306s] Level 1:colcon.colcon_core.package_identification:_identify(.) by extensions ['ros']
[0.306s] Level 1:colcon.colcon_core.package_identification:_identify(.) by extension 'ros'
[0.313s] Level 1:colcon.colcon_core.package_identification:_identify(.) by extensions ['cmake', 'python']
[0.313s] Level 1:colcon.colcon_core.package_identification:_identify(.) by extension 'cmake'
[0.313s] Level 1:colcon.colcon_core.package_identification:_identify(.) by extension 'python'
[0.313s] Level 1:colcon.colcon_core.package_identification:_identify(.) by extensions ['python_setup_py']
[0.313s] Level 1:colcon.colcon_core.package_identification:_identify(.) by extension 'python_setup_py'
[0.313s] Level 1:colcon.colcon_core.package_identification:_identify(build) by extensions ['ignore', 'ignore_ament_install']
[0.313s] Level 1:colcon.colcon_core.package_identification:_identify(build) by extension 'ignore'
[0.313s] Level 1:colcon.colcon_core.package_identification:_identify(build) ignored
[0.314s] Level 1:colcon.colcon_core.package_identification:_identify(install) by extensions ['ignore', 'ignore_ament_install']
[0.314s] Level 1:colcon.colcon_core.package_identification:_identify(install) by extension 'ignore'
[0.314s] Level 1:colcon.colcon_core.package_identification:_identify(install) ignored
[0.314s] Level 1:colcon.colcon_core.package_identification:_identify(log) by extensions ['ignore', 'ignore_ament_install']
[0.314s] Level 1:colcon.colcon_core.package_identification:_identify(log) by extension 'ignore'
[0.314s] Level 1:colcon.colcon_core.package_identification:_identify(log) ignored
[0.314s] Level 1:colcon.colcon_core.package_identification:_identify(rospy_package) by extensions ['ignore', 'ignore_ament_install']
[0.314s] Level 1:colcon.colcon_core.package_identification:_identify(rospy_package) by extension 'ignore'
[0.314s] Level 1:colcon.colcon_core.package_identification:_identify(rospy_package) by extension 'ignore_ament_install'
[0.314s] Level 1:colcon.colcon_core.package_identification:_identify(rospy_package) by extensions ['colcon_pkg']
[0.314s] Level 1:colcon.colcon_core.package_identification:_identify(rospy_package) by extension 'colcon_pkg'
[0.314s] Level 1:colcon.colcon_core.package_identification:_identify(rospy_package) by extensions ['colcon_meta']
[0.314s] Level 1:colcon.colcon_core.package_identification:_identify(rospy_package) by extension 'colcon_meta'
[0.314s] Level 1:colcon.colcon_core.package_identification:_identify(rospy_package) by extensions ['ros']
[0.314s] Level 1:colcon.colcon_core.package_identification:_identify(rospy_package) by extension 'ros'
[0.314s] Level 1:colcon.colcon_core.package_identification:_identify(rospy_package) ignored
[0.314s] Level 1:colcon.colcon_core.package_identification:_identify(segwayrmp) by extensions ['ignore', 'ignore_ament_install']
[0.314s] Level 1:colcon.colcon_core.package_identification:_identify(segwayrmp) by extension 'ignore'
[0.314s] Level 1:colcon.colcon_core.package_identification:_identify(segwayrmp) by extension 'ignore_ament_install'
[0.314s] Level 1:colcon.colcon_core.package_identification:_identify(segwayrmp) by extensions ['colcon_pkg']
[0.314s] Level 1:colcon.colcon_core.package_identification:_identify(segwayrmp) by extension 'colcon_pkg'
[0.314s] Level 1:colcon.colcon_core.package_identification:_identify(segwayrmp) by extensions ['colcon_meta']
[0.314s] Level 1:colcon.colcon_core.package_identification:_identify(segwayrmp) by extension 'colcon_meta'
[0.314s] Level 1:colcon.colcon_core.package_identification:_identify(segwayrmp) by extensions ['ros']
[0.314s] Level 1:colcon.colcon_core.package_identification:_identify(segwayrmp) by extension 'ros'
[0.314s] Level 1:colcon.colcon_core.package_identification:_identify(segwayrmp) ignored
[0.314s] Level 1:colcon.colcon_core.package_identification:_identify(src) by extensions ['ignore', 'ignore_ament_install']
[0.314s] Level 1:colcon.colcon_core.package_identification:_identify(src) by extension 'ignore'
[0.314s] Level 1:colcon.colcon_core.package_identification:_identify(src) by extension 'ignore_ament_install'
[0.314s] Level 1:colcon.colcon_core.package_identification:_identify(src) by extensions ['colcon_pkg']
[0.314s] Level 1:colcon.colcon_core.package_identification:_identify(src) by extension 'colcon_pkg'
[0.314s] Level 1:colcon.colcon_core.package_identification:_identify(src) by extensions ['colcon_meta']
[0.314s] Level 1:colcon.colcon_core.package_identification:_identify(src) by extension 'colcon_meta'
[0.314s] Level 1:colcon.colcon_core.package_identification:_identify(src) by extensions ['ros']
[0.314s] Level 1:colcon.colcon_core.package_identification:_identify(src) by extension 'ros'
[0.314s] Level 1:colcon.colcon_core.package_identification:_identify(src) by extensions ['cmake', 'python']
[0.314s] Level 1:colcon.colcon_core.package_identification:_identify(src) by extension 'cmake'
[0.314s] Level 1:colcon.colcon_core.package_identification:_identify(src) by extension 'python'
[0.314s] Level 1:colcon.colcon_core.package_identification:_identify(src) by extensions ['python_setup_py']
[0.314s] Level 1:colcon.colcon_core.package_identification:_identify(src) by extension 'python_setup_py'
[0.314s] Level 1:colcon.colcon_core.package_identification:_identify(src/segway_msgs) by extensions ['ignore', 'ignore_ament_install']
[0.314s] Level 1:colcon.colcon_core.package_identification:_identify(src/segway_msgs) by extension 'ignore'
[0.314s] Level 1:colcon.colcon_core.package_identification:_identify(src/segway_msgs) by extension 'ignore_ament_install'
[0.314s] Level 1:colcon.colcon_core.package_identification:_identify(src/segway_msgs) by extensions ['colcon_pkg']
[0.315s] Level 1:colcon.colcon_core.package_identification:_identify(src/segway_msgs) by extension 'colcon_pkg'
[0.315s] Level 1:colcon.colcon_core.package_identification:_identify(src/segway_msgs) by extensions ['colcon_meta']
[0.315s] Level 1:colcon.colcon_core.package_identification:_identify(src/segway_msgs) by extension 'colcon_meta'
[0.315s] Level 1:colcon.colcon_core.package_identification:_identify(src/segway_msgs) by extensions ['ros']
[0.315s] Level 1:colcon.colcon_core.package_identification:_identify(src/segway_msgs) by extension 'ros'
[0.316s] DEBUG:colcon.colcon_core.package_identification:Package 'src/segway_msgs' with type 'ros.catkin' and name 'segway_msgs'
[0.317s] Level 1:colcon.colcon_core.package_identification:_identify(src/segway_ros2) by extensions ['ignore', 'ignore_ament_install']
[0.317s] Level 1:colcon.colcon_core.package_identification:_identify(src/segway_ros2) by extension 'ignore'
[0.317s] Level 1:colcon.colcon_core.package_identification:_identify(src/segway_ros2) by extension 'ignore_ament_install'
[0.317s] Level 1:colcon.colcon_core.package_identification:_identify(src/segway_ros2) by extensions ['colcon_pkg']
[0.317s] Level 1:colcon.colcon_core.package_identification:_identify(src/segway_ros2) by extension 'colcon_pkg'
[0.317s] Level 1:colcon.colcon_core.package_identification:_identify(src/segway_ros2) by extensions ['colcon_meta']
[0.317s] Level 1:colcon.colcon_core.package_identification:_identify(src/segway_ros2) by extension 'colcon_meta'
[0.317s] Level 1:colcon.colcon_core.package_identification:_identify(src/segway_ros2) by extensions ['ros']
[0.317s] Level 1:colcon.colcon_core.package_identification:_identify(src/segway_ros2) by extension 'ros'
[0.317s] DEBUG:colcon.colcon_core.package_identification:Package 'src/segway_ros2' with type 'ros.ament_cmake' and name 'segway_ros2'
[0.317s] Level 1:colcon.colcon_core.package_discovery:discover_packages(recursive) using defaults
[0.317s] Level 1:colcon.colcon_core.package_discovery:discover_packages(ignore) discover
[0.317s] Level 1:colcon.colcon_core.package_discovery:discover_packages(ignore) using defaults
[0.317s] Level 1:colcon.colcon_core.package_discovery:discover_packages(path) discover
[0.317s] Level 1:colcon.colcon_core.package_discovery:discover_packages(path) using defaults
[0.332s] Level 1:colcon.colcon_core.package_discovery:discover_packages(prefix_path) check parameters
[0.332s] Level 1:colcon.colcon_core.package_discovery:discover_packages(prefix_path) discover
[0.341s] DEBUG:colcon.colcon_installed_package_information.package_discovery:Found 340 installed packages in /home/joe/pac-man/install
[0.343s] DEBUG:colcon.colcon_installed_package_information.package_discovery:Found 411 installed packages in /opt/ros/humble
[0.344s] Level 1:colcon.colcon_core.package_discovery:discover_packages(prefix_path) using defaults
[0.516s] Level 5:colcon.colcon_core.verb:set package 'segway_msgs' build argument 'cmake_args' from command line to '['-DCMAKE_BUILD_TYPE=Release', '-DCMAKE_EXPORT_COMPILE_COMMANDS=ON', '-DCMAKE_C_COMPILER_LAUNCHER=ccache', '-DCMAKE_CXX_COMPILER_LAUNCHER=ccache']'
[0.516s] Level 5:colcon.colcon_core.verb:set package 'segway_msgs' build argument 'cmake_target' from command line to 'None'
[0.516s] Level 5:colcon.colcon_core.verb:set package 'segway_msgs' build argument 'cmake_target_skip_unavailable' from command line to 'False'
[0.516s] Level 5:colcon.colcon_core.verb:set package 'segway_msgs' build argument 'cmake_clean_cache' from command line to 'False'
[0.516s] Level 5:colcon.colcon_core.verb:set package 'segway_msgs' build argument 'cmake_clean_first' from command line to 'False'
[0.516s] Level 5:colcon.colcon_core.verb:set package 'segway_msgs' build argument 'cmake_force_configure' from command line to 'False'
[0.516s] Level 5:colcon.colcon_core.verb:set package 'segway_msgs' build argument 'ament_cmake_args' from command line to 'None'
[0.516s] Level 5:colcon.colcon_core.verb:set package 'segway_msgs' build argument 'catkin_cmake_args' from command line to 'None'
[0.516s] Level 5:colcon.colcon_core.verb:set package 'segway_msgs' build argument 'catkin_skip_building_tests' from command line to 'False'
[0.516s] DEBUG:colcon.colcon_core.verb:Building package 'segway_msgs' with the following arguments: {'ament_cmake_args': None, 'build_base': '/home/joe/Desktop/segway_ws/segway_ws/build/segway_msgs', 'catkin_cmake_args': None, 'catkin_skip_building_tests': False, 'cmake_args': ['-DCMAKE_BUILD_TYPE=Release', '-DCMAKE_EXPORT_COMPILE_COMMANDS=ON', '-DCMAKE_C_COMPILER_LAUNCHER=ccache', '-DCMAKE_CXX_COMPILER_LAUNCHER=ccache'], 'cmake_clean_cache': False, 'cmake_clean_first': False, 'cmake_force_configure': False, 'cmake_target': None, 'cmake_target_skip_unavailable': False, 'install_base': '/home/joe/Desktop/segway_ws/segway_ws/install/segway_msgs', 'merge_install': False, 'path': '/home/joe/Desktop/segway_ws/segway_ws/src/segway_msgs', 'symlink_install': True, 'test_result_base': None}
[0.517s] Level 5:colcon.colcon_core.verb:set package 'segway_ros2' build argument 'cmake_args' from command line to '['-DCMAKE_BUILD_TYPE=Release', '-DCMAKE_EXPORT_COMPILE_COMMANDS=ON', '-DCMAKE_C_COMPILER_LAUNCHER=ccache', '-DCMAKE_CXX_COMPILER_LAUNCHER=ccache']'
[0.517s] Level 5:colcon.colcon_core.verb:set package 'segway_ros2' build argument 'cmake_target' from command line to 'None'
[0.517s] Level 5:colcon.colcon_core.verb:set package 'segway_ros2' build argument 'cmake_target_skip_unavailable' from command line to 'False'
[0.517s] Level 5:colcon.colcon_core.verb:set package 'segway_ros2' build argument 'cmake_clean_cache' from command line to 'False'
[0.517s] Level 5:colcon.colcon_core.verb:set package 'segway_ros2' build argument 'cmake_clean_first' from command line to 'False'
[0.517s] Level 5:colcon.colcon_core.verb:set package 'segway_ros2' build argument 'cmake_force_configure' from command line to 'False'
[0.517s] Level 5:colcon.colcon_core.verb:set package 'segway_ros2' build argument 'ament_cmake_args' from command line to 'None'
[0.517s] Level 5:colcon.colcon_core.verb:set package 'segway_ros2' build argument 'catkin_cmake_args' from command line to 'None'
[0.517s] Level 5:colcon.colcon_core.verb:set package 'segway_ros2' build argument 'catkin_skip_building_tests' from command line to 'False'
[0.517s] DEBUG:colcon.colcon_core.verb:Building package 'segway_ros2' with the following arguments: {'ament_cmake_args': None, 'build_base': '/home/joe/Desktop/segway_ws/segway_ws/build/segway_ros2', 'catkin_cmake_args': None, 'catkin_skip_building_tests': False, 'cmake_args': ['-DCMAKE_BUILD_TYPE=Release', '-DCMAKE_EXPORT_COMPILE_COMMANDS=ON', '-DCMAKE_C_COMPILER_LAUNCHER=ccache', '-DCMAKE_CXX_COMPILER_LAUNCHER=ccache'], 'cmake_clean_cache': False, 'cmake_clean_first': False, 'cmake_force_configure': False, 'cmake_target': None, 'cmake_target_skip_unavailable': False, 'install_base': '/home/joe/Desktop/segway_ws/segway_ws/install/segway_ros2', 'merge_install': False, 'path': '/home/joe/Desktop/segway_ws/segway_ws/src/segway_ros2', 'symlink_install': True, 'test_result_base': None}
[0.517s] INFO:colcon.colcon_core.executor:Executing jobs using 'parallel' executor
[0.517s] DEBUG:colcon.colcon_parallel_executor.executor.parallel:run_until_complete
[0.518s] INFO:colcon.colcon_ros.task.catkin.build:Building ROS package in '/home/joe/Desktop/segway_ws/segway_ws/src/segway_msgs' with build type 'catkin'
[0.518s] INFO:colcon.colcon_cmake.task.cmake.build:Building CMake package in '/home/joe/Desktop/segway_ws/segway_ws/src/segway_msgs'
[0.521s] INFO:colcon.colcon_core.plugin_system:Skipping extension 'colcon_core.shell.bat': Not used on non-Windows systems
[0.521s] INFO:colcon.colcon_core.shell:Skip shell extension 'powershell' for command environment: Not usable outside of PowerShell
[0.521s] DEBUG:colcon.colcon_core.shell:Skip shell extension 'dsv' for command environment
[0.539s] DEBUG:colcon.colcon_core.event_handler.log_command:Invoking command in '/home/joe/Desktop/segway_ws/segway_ws/build/segway_msgs': /home/joe/.local/bin/cmake --build /home/joe/Desktop/segway_ws/segway_ws/build/segway_msgs -- -j32 -l32
[0.927s] DEBUG:colcon.colcon_core.event_handler.log_command:Invoked command in '/home/joe/Desktop/segway_ws/segway_ws/build/segway_msgs' returned '0': /home/joe/.local/bin/cmake --build /home/joe/Desktop/segway_ws/segway_ws/build/segway_msgs -- -j32 -l32
[6.617s] DEBUG:colcon.colcon_core.event_handler.log_command:Invoking command in '/home/joe/Desktop/segway_ws/segway_ws/build/segway_msgs': /home/joe/.local/bin/cmake --install /home/joe/Desktop/segway_ws/segway_ws/build/segway_msgs
[6.711s] DEBUG:colcon.colcon_core.event_handler.log_command:Invoked command in '/home/joe/Desktop/segway_ws/segway_ws/build/segway_msgs' returned '0': /home/joe/.local/bin/cmake --install /home/joe/Desktop/segway_ws/segway_ws/build/segway_msgs
[9.589s] Level 1:colcon.colcon_core.shell:create_environment_hook('segway_msgs', 'ros_package_path')
[9.589s] INFO:colcon.colcon_core.shell:Creating environment hook '/home/joe/Desktop/segway_ws/segway_ws/install/segway_msgs/share/segway_msgs/hook/ros_package_path.ps1'
[9.594s] INFO:colcon.colcon_core.shell:Creating environment descriptor '/home/joe/Desktop/segway_ws/segway_ws/install/segway_msgs/share/segway_msgs/hook/ros_package_path.dsv'
[9.594s] INFO:colcon.colcon_core.shell:Creating environment hook '/home/joe/Desktop/segway_ws/segway_ws/install/segway_msgs/share/segway_msgs/hook/ros_package_path.sh'
[9.594s] Level 1:colcon.colcon_ros.task.catkin:checking '/home/joe/Desktop/segway_ws/segway_ws/install/segway_msgs/local/lib/python3.10/dist-packages'
[9.594s] Level 1:colcon.colcon_core.shell:create_environment_hook('segway_msgs', 'catkin_pythonpath')
[9.595s] INFO:colcon.colcon_core.shell:Creating environment hook '/home/joe/Desktop/segway_ws/segway_ws/install/segway_msgs/share/segway_msgs/hook/catkin_pythonpath.ps1'
[9.595s] INFO:colcon.colcon_core.shell:Creating environment descriptor '/home/joe/Desktop/segway_ws/segway_ws/install/segway_msgs/share/segway_msgs/hook/catkin_pythonpath.dsv'
[9.595s] INFO:colcon.colcon_core.shell:Creating environment hook '/home/joe/Desktop/segway_ws/segway_ws/install/segway_msgs/share/segway_msgs/hook/catkin_pythonpath.sh'
[9.595s] Level 1:colcon.colcon_core.shell:create_environment_hook('segway_msgs', 'pkg_config_path')
[9.595s] INFO:colcon.colcon_core.shell:Creating environment hook '/home/joe/Desktop/segway_ws/segway_ws/install/segway_msgs/share/segway_msgs/hook/pkg_config_path.ps1'
[9.595s] INFO:colcon.colcon_core.shell:Creating environment descriptor '/home/joe/Desktop/segway_ws/segway_ws/install/segway_msgs/share/segway_msgs/hook/pkg_config_path.dsv'
[9.595s] INFO:colcon.colcon_core.shell:Creating environment hook '/home/joe/Desktop/segway_ws/segway_ws/install/segway_msgs/share/segway_msgs/hook/pkg_config_path.sh'
[9.602s] Level 1:colcon.colcon_core.shell:create_environment_hook('segway_msgs', 'pkg_config_path_multiarch')
[9.602s] INFO:colcon.colcon_core.shell:Creating environment hook '/home/joe/Desktop/segway_ws/segway_ws/install/segway_msgs/share/segway_msgs/hook/pkg_config_path_multiarch.ps1'
[9.603s] INFO:colcon.colcon_core.shell:Creating environment descriptor '/home/joe/Desktop/segway_ws/segway_ws/install/segway_msgs/share/segway_msgs/hook/pkg_config_path_multiarch.dsv'
[9.603s] INFO:colcon.colcon_core.shell:Creating environment hook '/home/joe/Desktop/segway_ws/segway_ws/install/segway_msgs/share/segway_msgs/hook/pkg_config_path_multiarch.sh'
[9.603s] Level 1:colcon.colcon_core.environment:create_environment_scripts_only(segway_msgs)
[9.608s] Level 1:colcon.colcon_core.environment:checking '/home/joe/Desktop/segway_ws/segway_ws/install/segway_msgs' for CMake module files
[9.609s] Level 1:colcon.colcon_core.environment:checking '/home/joe/Desktop/segway_ws/segway_ws/install/segway_msgs' for CMake config files
[9.609s] Level 1:colcon.colcon_core.shell:create_environment_hook('segway_msgs', 'cmake_prefix_path')
[9.609s] INFO:colcon.colcon_core.shell:Creating environment hook '/home/joe/Desktop/segway_ws/segway_ws/install/segway_msgs/share/segway_msgs/hook/cmake_prefix_path.ps1'
[9.609s] INFO:colcon.colcon_core.shell:Creating environment descriptor '/home/joe/Desktop/segway_ws/segway_ws/install/segway_msgs/share/segway_msgs/hook/cmake_prefix_path.dsv'
[9.609s] INFO:colcon.colcon_core.shell:Creating environment hook '/home/joe/Desktop/segway_ws/segway_ws/install/segway_msgs/share/segway_msgs/hook/cmake_prefix_path.sh'
[9.610s] Level 1:colcon.colcon_core.environment:checking '/home/joe/Desktop/segway_ws/segway_ws/install/segway_msgs/lib'
[9.610s] Level 1:colcon.colcon_core.shell:create_environment_hook('segway_msgs', 'ld_library_path_lib')
[9.610s] INFO:colcon.colcon_core.shell:Creating environment hook '/home/joe/Desktop/segway_ws/segway_ws/install/segway_msgs/share/segway_msgs/hook/ld_library_path_lib.ps1'
[9.610s] INFO:colcon.colcon_core.shell:Creating environment descriptor '/home/joe/Desktop/segway_ws/segway_ws/install/segway_msgs/share/segway_msgs/hook/ld_library_path_lib.dsv'
[9.610s] INFO:colcon.colcon_core.shell:Creating environment hook '/home/joe/Desktop/segway_ws/segway_ws/install/segway_msgs/share/segway_msgs/hook/ld_library_path_lib.sh'
[9.610s] Level 1:colcon.colcon_core.environment:checking '/home/joe/Desktop/segway_ws/segway_ws/install/segway_msgs/bin'
[9.611s] Level 1:colcon.colcon_core.environment:checking '/home/joe/Desktop/segway_ws/segway_ws/install/segway_msgs/lib/pkgconfig/segway_msgs.pc'
[9.611s] Level 1:colcon.colcon_core.environment:checking '/home/joe/Desktop/segway_ws/segway_ws/install/segway_msgs/lib/python3.10/site-packages'
[9.611s] Level 1:colcon.colcon_core.environment:checking '/home/joe/Desktop/segway_ws/segway_ws/install/segway_msgs/bin'
[9.611s] INFO:colcon.colcon_core.shell:Creating package script '/home/joe/Desktop/segway_ws/segway_ws/install/segway_msgs/share/segway_msgs/package.ps1'
[9.612s] INFO:colcon.colcon_core.shell:Creating package descriptor '/home/joe/Desktop/segway_ws/segway_ws/install/segway_msgs/share/segway_msgs/package.dsv'
[9.612s] INFO:colcon.colcon_core.shell:Creating package script '/home/joe/Desktop/segway_ws/segway_ws/install/segway_msgs/share/segway_msgs/package.sh'
[9.613s] INFO:colcon.colcon_core.shell:Creating package script '/home/joe/Desktop/segway_ws/segway_ws/install/segway_msgs/share/segway_msgs/package.bash'
[9.614s] INFO:colcon.colcon_core.shell:Creating package script '/home/joe/Desktop/segway_ws/segway_ws/install/segway_msgs/share/segway_msgs/package.zsh'
[9.614s] Level 1:colcon.colcon_core.environment:create_file_with_runtime_dependencies(/home/joe/Desktop/segway_ws/segway_ws/install/segway_msgs/share/colcon-core/packages/segway_msgs)
[9.614s] INFO:colcon.colcon_ros.task.ament_cmake.build:Building ROS package in '/home/joe/Desktop/segway_ws/segway_ws/src/segway_ros2' with build type 'ament_cmake'
[9.614s] INFO:colcon.colcon_cmake.task.cmake.build:Building CMake package in '/home/joe/Desktop/segway_ws/segway_ws/src/segway_ros2'
[9.615s] INFO:colcon.colcon_core.shell:Skip shell extension 'powershell' for command environment: Not usable outside of PowerShell
[9.615s] DEBUG:colcon.colcon_core.shell:Skip shell extension 'dsv' for command environment
[9.645s] DEBUG:colcon.colcon_core.event_handler.log_command:Invoking command in '/home/joe/Desktop/segway_ws/segway_ws/build/segway_ros2': CMAKE_PREFIX_PATH=/home/joe/pac-man/install/simulator_compatibility_test:/home/joe/pac-man/install/py_pub_test:/home/joe/pac-man/install/ntrip_client:/home/joe/pac-man/install/nmea_navsat_driver:/home/joe/pac-man/install/ad_api_visualizers:/opt/ros/humble:/home/joe/Desktop/segway_ws/segway_ws/install/segway_msgs:${CMAKE_PREFIX_PATH} LD_LIBRARY_PATH=/home/joe/Desktop/segway_ws/segway_ws/install/segway_msgs/lib:${LD_LIBRARY_PATH} PKG_CONFIG_PATH=/home/joe/Desktop/segway_ws/segway_ws/install/segway_msgs/lib/x86_64-linux-gnu/pkgconfig:/home/joe/Desktop/segway_ws/segway_ws/install/segway_msgs/lib/pkgconfig PYTHONPATH=/home/joe/Desktop/segway_ws/segway_ws/install/segway_msgs/local/lib/python3.10/dist-packages:${PYTHONPATH} ROS_PACKAGE_PATH=/home/joe/Desktop/segway_ws/segway_ws/install/segway_msgs/share /home/joe/.local/bin/cmake --build /home/joe/Desktop/segway_ws/segway_ws/build/segway_ros2 -- -j32 -l32
[25.920s] DEBUG:colcon.colcon_core.event_handler.log_command:Invoked command in '/home/joe/Desktop/segway_ws/segway_ws/build/segway_ros2' returned '0': CMAKE_PREFIX_PATH=/home/joe/pac-man/install/simulator_compatibility_test:/home/joe/pac-man/install/py_pub_test:/home/joe/pac-man/install/ntrip_client:/home/joe/pac-man/install/nmea_navsat_driver:/home/joe/pac-man/install/ad_api_visualizers:/opt/ros/humble:/home/joe/Desktop/segway_ws/segway_ws/install/segway_msgs:${CMAKE_PREFIX_PATH} LD_LIBRARY_PATH=/home/joe/Desktop/segway_ws/segway_ws/install/segway_msgs/lib:${LD_LIBRARY_PATH} PKG_CONFIG_PATH=/home/joe/Desktop/segway_ws/segway_ws/install/segway_msgs/lib/x86_64-linux-gnu/pkgconfig:/home/joe/Desktop/segway_ws/segway_ws/install/segway_msgs/lib/pkgconfig PYTHONPATH=/home/joe/Desktop/segway_ws/segway_ws/install/segway_msgs/local/lib/python3.10/dist-packages:${PYTHONPATH} ROS_PACKAGE_PATH=/home/joe/Desktop/segway_ws/segway_ws/install/segway_msgs/share /home/joe/.local/bin/cmake --build /home/joe/Desktop/segway_ws/segway_ws/build/segway_ros2 -- -j32 -l32
[26.029s] DEBUG:colcon.colcon_core.event_handler.log_command:Invoking command in '/home/joe/Desktop/segway_ws/segway_ws/build/segway_ros2': CMAKE_PREFIX_PATH=/home/joe/pac-man/install/simulator_compatibility_test:/home/joe/pac-man/install/py_pub_test:/home/joe/pac-man/install/ntrip_client:/home/joe/pac-man/install/nmea_navsat_driver:/home/joe/pac-man/install/ad_api_visualizers:/opt/ros/humble:/home/joe/Desktop/segway_ws/segway_ws/install/segway_msgs:${CMAKE_PREFIX_PATH} LD_LIBRARY_PATH=/home/joe/Desktop/segway_ws/segway_ws/install/segway_msgs/lib:${LD_LIBRARY_PATH} PKG_CONFIG_PATH=/home/joe/Desktop/segway_ws/segway_ws/install/segway_msgs/lib/x86_64-linux-gnu/pkgconfig:/home/joe/Desktop/segway_ws/segway_ws/install/segway_msgs/lib/pkgconfig PYTHONPATH=/home/joe/Desktop/segway_ws/segway_ws/install/segway_msgs/local/lib/python3.10/dist-packages:${PYTHONPATH} ROS_PACKAGE_PATH=/home/joe/Desktop/segway_ws/segway_ws/install/segway_msgs/share /home/joe/.local/bin/cmake --install /home/joe/Desktop/segway_ws/segway_ws/build/segway_ros2
[26.070s] Level 1:colcon.colcon_core.environment:create_environment_scripts_only(segway_ros2)
[26.070s] Level 1:colcon.colcon_core.environment:checking '/home/joe/Desktop/segway_ws/segway_ws/install/segway_ros2' for CMake module files
[26.070s] DEBUG:colcon.colcon_core.event_handler.log_command:Invoked command in '/home/joe/Desktop/segway_ws/segway_ws/build/segway_ros2' returned '0': CMAKE_PREFIX_PATH=/home/joe/pac-man/install/simulator_compatibility_test:/home/joe/pac-man/install/py_pub_test:/home/joe/pac-man/install/ntrip_client:/home/joe/pac-man/install/nmea_navsat_driver:/home/joe/pac-man/install/ad_api_visualizers:/opt/ros/humble:/home/joe/Desktop/segway_ws/segway_ws/install/segway_msgs:${CMAKE_PREFIX_PATH} LD_LIBRARY_PATH=/home/joe/Desktop/segway_ws/segway_ws/install/segway_msgs/lib:${LD_LIBRARY_PATH} PKG_CONFIG_PATH=/home/joe/Desktop/segway_ws/segway_ws/install/segway_msgs/lib/x86_64-linux-gnu/pkgconfig:/home/joe/Desktop/segway_ws/segway_ws/install/segway_msgs/lib/pkgconfig PYTHONPATH=/home/joe/Desktop/segway_ws/segway_ws/install/segway_msgs/local/lib/python3.10/dist-packages:${PYTHONPATH} ROS_PACKAGE_PATH=/home/joe/Desktop/segway_ws/segway_ws/install/segway_msgs/share /home/joe/.local/bin/cmake --install /home/joe/Desktop/segway_ws/segway_ws/build/segway_ros2
[26.070s] Level 1:colcon.colcon_core.environment:checking '/home/joe/Desktop/segway_ws/segway_ws/install/segway_ros2' for CMake config files
[26.071s] Level 1:colcon.colcon_core.shell:create_environment_hook('segway_ros2', 'cmake_prefix_path')
[26.071s] INFO:colcon.colcon_core.shell:Creating environment hook '/home/joe/Desktop/segway_ws/segway_ws/install/segway_ros2/share/segway_ros2/hook/cmake_prefix_path.ps1'
[26.071s] INFO:colcon.colcon_core.shell:Creating environment descriptor '/home/joe/Desktop/segway_ws/segway_ws/install/segway_ros2/share/segway_ros2/hook/cmake_prefix_path.dsv'
[26.071s] INFO:colcon.colcon_core.shell:Creating environment hook '/home/joe/Desktop/segway_ws/segway_ws/install/segway_ros2/share/segway_ros2/hook/cmake_prefix_path.sh'
[26.071s] Level 1:colcon.colcon_core.environment:checking '/home/joe/Desktop/segway_ws/segway_ws/install/segway_ros2/lib'
[26.071s] Level 1:colcon.colcon_core.environment:checking '/home/joe/Desktop/segway_ws/segway_ws/install/segway_ros2/bin'
[26.071s] Level 1:colcon.colcon_core.environment:checking '/home/joe/Desktop/segway_ws/segway_ws/install/segway_ros2/lib/pkgconfig/segway_ros2.pc'
[26.072s] Level 1:colcon.colcon_core.environment:checking '/home/joe/Desktop/segway_ws/segway_ws/install/segway_ros2/lib/python3.10/site-packages'
[26.072s] Level 1:colcon.colcon_core.environment:checking '/home/joe/Desktop/segway_ws/segway_ws/install/segway_ros2/bin'
[26.072s] INFO:colcon.colcon_core.shell:Creating package script '/home/joe/Desktop/segway_ws/segway_ws/install/segway_ros2/share/segway_ros2/package.ps1'
[26.072s] INFO:colcon.colcon_core.shell:Creating package descriptor '/home/joe/Desktop/segway_ws/segway_ws/install/segway_ros2/share/segway_ros2/package.dsv'
[26.072s] INFO:colcon.colcon_core.shell:Creating package script '/home/joe/Desktop/segway_ws/segway_ws/install/segway_ros2/share/segway_ros2/package.sh'
[26.072s] INFO:colcon.colcon_core.shell:Creating package script '/home/joe/Desktop/segway_ws/segway_ws/install/segway_ros2/share/segway_ros2/package.bash'
[26.072s] INFO:colcon.colcon_core.shell:Creating package script '/home/joe/Desktop/segway_ws/segway_ws/install/segway_ros2/share/segway_ros2/package.zsh'
[26.073s] Level 1:colcon.colcon_core.environment:create_file_with_runtime_dependencies(/home/joe/Desktop/segway_ws/segway_ws/install/segway_ros2/share/colcon-core/packages/segway_ros2)
[26.167s] Level 1:colcon.colcon_core.environment:create_environment_scripts_only(segway_ros2)
[26.167s] Level 1:colcon.colcon_core.environment:checking '/home/joe/Desktop/segway_ws/segway_ws/install/segway_ros2' for CMake module files
[26.168s] Level 1:colcon.colcon_core.environment:checking '/home/joe/Desktop/segway_ws/segway_ws/install/segway_ros2' for CMake config files
[26.168s] Level 1:colcon.colcon_core.shell:create_environment_hook('segway_ros2', 'cmake_prefix_path')
[26.168s] INFO:colcon.colcon_core.shell:Creating environment hook '/home/joe/Desktop/segway_ws/segway_ws/install/segway_ros2/share/segway_ros2/hook/cmake_prefix_path.ps1'
[26.168s] INFO:colcon.colcon_core.shell:Creating environment descriptor '/home/joe/Desktop/segway_ws/segway_ws/install/segway_ros2/share/segway_ros2/hook/cmake_prefix_path.dsv'
[26.168s] INFO:colcon.colcon_core.shell:Creating environment hook '/home/joe/Desktop/segway_ws/segway_ws/install/segway_ros2/share/segway_ros2/hook/cmake_prefix_path.sh'
[26.169s] Level 1:colcon.colcon_core.environment:checking '/home/joe/Desktop/segway_ws/segway_ws/install/segway_ros2/lib'
[26.169s] Level 1:colcon.colcon_core.environment:checking '/home/joe/Desktop/segway_ws/segway_ws/install/segway_ros2/bin'
[26.169s] Level 1:colcon.colcon_core.environment:checking '/home/joe/Desktop/segway_ws/segway_ws/install/segway_ros2/lib/pkgconfig/segway_ros2.pc'
[26.169s] Level 1:colcon.colcon_core.environment:checking '/home/joe/Desktop/segway_ws/segway_ws/install/segway_ros2/lib/python3.10/site-packages'
[26.169s] Level 1:colcon.colcon_core.environment:checking '/home/joe/Desktop/segway_ws/segway_ws/install/segway_ros2/bin'
[26.169s] INFO:colcon.colcon_core.shell:Creating package script '/home/joe/Desktop/segway_ws/segway_ws/install/segway_ros2/share/segway_ros2/package.ps1'
[26.169s] INFO:colcon.colcon_core.shell:Creating package descriptor '/home/joe/Desktop/segway_ws/segway_ws/install/segway_ros2/share/segway_ros2/package.dsv'
[26.170s] INFO:colcon.colcon_core.shell:Creating package script '/home/joe/Desktop/segway_ws/segway_ws/install/segway_ros2/share/segway_ros2/package.sh'
[26.170s] INFO:colcon.colcon_core.shell:Creating package script '/home/joe/Desktop/segway_ws/segway_ws/install/segway_ros2/share/segway_ros2/package.bash'
[26.170s] INFO:colcon.colcon_core.shell:Creating package script '/home/joe/Desktop/segway_ws/segway_ws/install/segway_ros2/share/segway_ros2/package.zsh'
[26.170s] Level 1:colcon.colcon_core.environment:create_file_with_runtime_dependencies(/home/joe/Desktop/segway_ws/segway_ws/install/segway_ros2/share/colcon-core/packages/segway_ros2)
[26.170s] DEBUG:colcon.colcon_parallel_executor.executor.parallel:closing loop
[26.170s] DEBUG:colcon.colcon_parallel_executor.executor.parallel:loop closed
[26.170s] DEBUG:colcon.colcon_parallel_executor.executor.parallel:run_until_complete finished with '0'
[26.170s] DEBUG:colcon.colcon_core.event_reactor:joining thread
[26.176s] INFO:colcon.colcon_core.plugin_system:Skipping extension 'colcon_notification.desktop_notification.terminal_notifier': Not used on non-Darwin systems
[26.176s] INFO:colcon.colcon_core.plugin_system:Skipping extension 'colcon_notification.desktop_notification.win32': Not used on non-Windows systems
[26.176s] INFO:colcon.colcon_notification.desktop_notification:Sending desktop notification using 'notify2'
[26.185s] DEBUG:colcon.colcon_core.event_reactor:joined thread
[26.185s] INFO:colcon.colcon_core.shell:Creating prefix script '/home/joe/Desktop/segway_ws/segway_ws/install/local_setup.ps1'
[26.186s] INFO:colcon.colcon_core.shell:Creating prefix util module '/home/joe/Desktop/segway_ws/segway_ws/install/_local_setup_util_ps1.py'
[26.186s] INFO:colcon.colcon_core.shell:Creating prefix chain script '/home/joe/Desktop/segway_ws/segway_ws/install/setup.ps1'
[26.193s] INFO:colcon.colcon_core.shell:Creating prefix script '/home/joe/Desktop/segway_ws/segway_ws/install/local_setup.sh'
[26.193s] INFO:colcon.colcon_core.shell:Creating prefix util module '/home/joe/Desktop/segway_ws/segway_ws/install/_local_setup_util_sh.py'
[26.193s] INFO:colcon.colcon_core.shell:Creating prefix chain script '/home/joe/Desktop/segway_ws/segway_ws/install/setup.sh'
[26.199s] INFO:colcon.colcon_core.shell:Creating prefix script '/home/joe/Desktop/segway_ws/segway_ws/install/local_setup.bash'
[26.199s] INFO:colcon.colcon_core.shell:Creating prefix chain script '/home/joe/Desktop/segway_ws/segway_ws/install/setup.bash'
[26.205s] INFO:colcon.colcon_core.shell:Creating prefix script '/home/joe/Desktop/segway_ws/segway_ws/install/local_setup.zsh'
[26.205s] INFO:colcon.colcon_core.shell:Creating prefix chain script '/home/joe/Desktop/segway_ws/segway_ws/install/setup.zsh'
