[ 50%] [32mBuilding CXX object CMakeFiles/drive_sample.dir/src/drive_segway_sample.cpp.o[0m
[100%] [32m[1mLinking CXX executable drive_sample[0m
[100%] Built target drive_sample
-- Install configuration: "Release"
-- Execute custom install script
-- Up-to-date symlink: /home/joe/Desktop/segway_ws/segway_ws/install/segway_ros2/lib/segway_ros2/drive_sample
-- Up-to-date symlink: /home/joe/Desktop/segway_ws/segway_ws/install/segway_ros2/share/ament_index/resource_index/package_run_dependencies/segway_ros2
-- Up-to-date symlink: /home/joe/Desktop/segway_ws/segway_ws/install/segway_ros2/share/ament_index/resource_index/parent_prefix_path/segway_ros2
-- Up-to-date symlink: /home/joe/Desktop/segway_ws/segway_ws/install/segway_ros2/share/segway_ros2/environment/ament_prefix_path.sh
-- Up-to-date symlink: /home/joe/Desktop/segway_ws/segway_ws/install/segway_ros2/share/segway_ros2/environment/ament_prefix_path.dsv
-- Up-to-date symlink: /home/joe/Desktop/segway_ws/segway_ws/install/segway_ros2/share/segway_ros2/environment/path.sh
-- Up-to-date symlink: /home/joe/Desktop/segway_ws/segway_ws/install/segway_ros2/share/segway_ros2/environment/path.dsv
-- Up-to-date symlink: /home/joe/Desktop/segway_ws/segway_ws/install/segway_ros2/share/segway_ros2/local_setup.bash
-- Up-to-date symlink: /home/joe/Desktop/segway_ws/segway_ws/install/segway_ros2/share/segway_ros2/local_setup.sh
-- Up-to-date symlink: /home/joe/Desktop/segway_ws/segway_ws/install/segway_ros2/share/segway_ros2/local_setup.zsh
-- Up-to-date symlink: /home/joe/Desktop/segway_ws/segway_ws/install/segway_ros2/share/segway_ros2/local_setup.dsv
-- Symlinking: /home/joe/Desktop/segway_ws/segway_ws/install/segway_ros2/share/segway_ros2/package.dsv
-- Up-to-date symlink: /home/joe/Desktop/segway_ws/segway_ws/install/segway_ros2/share/ament_index/resource_index/packages/segway_ros2
-- Up-to-date symlink: /home/joe/Desktop/segway_ws/segway_ws/install/segway_ros2/share/segway_ros2/cmake/segway_ros2Config.cmake
-- Up-to-date symlink: /home/joe/Desktop/segway_ws/segway_ws/install/segway_ros2/share/segway_ros2/cmake/segway_ros2Config-version.cmake
-- Up-to-date symlink: /home/joe/Desktop/segway_ws/segway_ws/install/segway_ros2/share/segway_ros2/package.xml
