[0.053s] DEBUG:colcon:Command line arguments: ['/usr/bin/colcon', 'build', '--cmake-args', '-DCMAKE_BUILD_TYPE=Release', '-DCMAKE_EXPORT_COMPILE_COMMANDS=ON', '-DCMAKE_C_COMPILER_LAUNCHER=ccache', '-DCMAKE_CXX_COMPILER_LAUNCHER=ccache', '--symlink-install']
[0.053s] DEBUG:colcon:Parsed command line arguments: Namespace(log_base=None, log_level=None, verb_name='build', build_base='build', install_base='install', merge_install=False, symlink_install=True, test_result_base=None, continue_on_error=False, executor='parallel', parallel_workers=32, event_handlers=None, ignore_user_meta=False, metas=['./colcon.meta'], base_paths=['.'], packages_ignore=None, packages_ignore_regex=None, paths=None, packages_up_to=None, packages_up_to_regex=None, packages_above=None, packages_above_and_dependencies=None, packages_above_depth=None, packages_select_by_dep=None, packages_skip_by_dep=None, packages_skip_up_to=None, packages_select_build_failed=False, packages_skip_build_finished=False, packages_select_test_failures=False, packages_skip_test_passed=False, packages_select=None, packages_skip=None, packages_select_regex=None, packages_skip_regex=None, packages_start=None, packages_end=None, allow_overriding=[], cmake_args=['-DCMAKE_BUILD_TYPE=Release', '-DCMAKE_EXPORT_COMPILE_COMMANDS=ON', '-DCMAKE_C_COMPILER_LAUNCHER=ccache', '-DCMAKE_CXX_COMPILER_LAUNCHER=ccache'], cmake_target=None, cmake_target_skip_unavailable=False, cmake_clean_cache=False, cmake_clean_first=False, cmake_force_configure=False, ament_cmake_args=None, catkin_cmake_args=None, catkin_skip_building_tests=False, mixin_files=None, mixin=None, verb_parser=<colcon_mixin.mixin.mixin_argument.MixinArgumentDecorator object at 0x7b44dd4a4460>, verb_extension=<colcon_core.verb.build.BuildVerb object at 0x7b44dd409ba0>, main=<bound method BuildVerb.main of <colcon_core.verb.build.BuildVerb object at 0x7b44dd409ba0>>, mixin_verb=('build',))
[0.169s] Level 1:colcon.colcon_core.package_discovery:discover_packages(colcon_meta) check parameters
[0.169s] Level 1:colcon.colcon_core.package_discovery:discover_packages(recursive) check parameters
[0.169s] Level 1:colcon.colcon_core.package_discovery:discover_packages(ignore) check parameters
[0.169s] Level 1:colcon.colcon_core.package_discovery:discover_packages(path) check parameters
[0.169s] Level 1:colcon.colcon_core.package_discovery:discover_packages(colcon_meta) discover
[0.169s] Level 1:colcon.colcon_core.package_discovery:discover_packages(recursive) discover
[0.170s] INFO:colcon.colcon_core.package_discovery:Crawling recursively for packages in '/home/joe/Desktop/segway_ws/segway_ws'
[0.170s] Level 1:colcon.colcon_core.package_identification:_identify(.) by extensions ['ignore', 'ignore_ament_install']
[0.170s] Level 1:colcon.colcon_core.package_identification:_identify(.) by extension 'ignore'
[0.170s] Level 1:colcon.colcon_core.package_identification:_identify(.) by extension 'ignore_ament_install'
[0.170s] Level 1:colcon.colcon_core.package_identification:_identify(.) by extensions ['colcon_pkg']
[0.170s] Level 1:colcon.colcon_core.package_identification:_identify(.) by extension 'colcon_pkg'
[0.170s] Level 1:colcon.colcon_core.package_identification:_identify(.) by extensions ['colcon_meta']
[0.170s] Level 1:colcon.colcon_core.package_identification:_identify(.) by extension 'colcon_meta'
[0.170s] Level 1:colcon.colcon_core.package_identification:_identify(.) by extensions ['ros']
[0.170s] Level 1:colcon.colcon_core.package_identification:_identify(.) by extension 'ros'
[0.175s] Level 1:colcon.colcon_core.package_identification:_identify(.) by extensions ['cmake', 'python']
[0.175s] Level 1:colcon.colcon_core.package_identification:_identify(.) by extension 'cmake'
[0.175s] Level 1:colcon.colcon_core.package_identification:_identify(.) by extension 'python'
[0.175s] Level 1:colcon.colcon_core.package_identification:_identify(.) by extensions ['python_setup_py']
[0.175s] Level 1:colcon.colcon_core.package_identification:_identify(.) by extension 'python_setup_py'
[0.176s] Level 1:colcon.colcon_core.package_identification:_identify(build) by extensions ['ignore', 'ignore_ament_install']
[0.176s] Level 1:colcon.colcon_core.package_identification:_identify(build) by extension 'ignore'
[0.176s] Level 1:colcon.colcon_core.package_identification:_identify(build) ignored
[0.176s] Level 1:colcon.colcon_core.package_identification:_identify(install) by extensions ['ignore', 'ignore_ament_install']
[0.176s] Level 1:colcon.colcon_core.package_identification:_identify(install) by extension 'ignore'
[0.176s] Level 1:colcon.colcon_core.package_identification:_identify(install) ignored
[0.176s] Level 1:colcon.colcon_core.package_identification:_identify(log) by extensions ['ignore', 'ignore_ament_install']
[0.176s] Level 1:colcon.colcon_core.package_identification:_identify(log) by extension 'ignore'
[0.176s] Level 1:colcon.colcon_core.package_identification:_identify(log) ignored
[0.176s] Level 1:colcon.colcon_core.package_identification:_identify(rospy_package) by extensions ['ignore', 'ignore_ament_install']
[0.176s] Level 1:colcon.colcon_core.package_identification:_identify(rospy_package) by extension 'ignore'
[0.176s] Level 1:colcon.colcon_core.package_identification:_identify(rospy_package) by extension 'ignore_ament_install'
[0.176s] Level 1:colcon.colcon_core.package_identification:_identify(rospy_package) by extensions ['colcon_pkg']
[0.176s] Level 1:colcon.colcon_core.package_identification:_identify(rospy_package) by extension 'colcon_pkg'
[0.176s] Level 1:colcon.colcon_core.package_identification:_identify(rospy_package) by extensions ['colcon_meta']
[0.176s] Level 1:colcon.colcon_core.package_identification:_identify(rospy_package) by extension 'colcon_meta'
[0.176s] Level 1:colcon.colcon_core.package_identification:_identify(rospy_package) by extensions ['ros']
[0.176s] Level 1:colcon.colcon_core.package_identification:_identify(rospy_package) by extension 'ros'
[0.176s] Level 1:colcon.colcon_core.package_identification:_identify(rospy_package) ignored
[0.176s] Level 1:colcon.colcon_core.package_identification:_identify(segwayrmp) by extensions ['ignore', 'ignore_ament_install']
[0.176s] Level 1:colcon.colcon_core.package_identification:_identify(segwayrmp) by extension 'ignore'
[0.176s] Level 1:colcon.colcon_core.package_identification:_identify(segwayrmp) by extension 'ignore_ament_install'
[0.176s] Level 1:colcon.colcon_core.package_identification:_identify(segwayrmp) by extensions ['colcon_pkg']
[0.176s] Level 1:colcon.colcon_core.package_identification:_identify(segwayrmp) by extension 'colcon_pkg'
[0.176s] Level 1:colcon.colcon_core.package_identification:_identify(segwayrmp) by extensions ['colcon_meta']
[0.176s] Level 1:colcon.colcon_core.package_identification:_identify(segwayrmp) by extension 'colcon_meta'
[0.176s] Level 1:colcon.colcon_core.package_identification:_identify(segwayrmp) by extensions ['ros']
[0.176s] Level 1:colcon.colcon_core.package_identification:_identify(segwayrmp) by extension 'ros'
[0.176s] Level 1:colcon.colcon_core.package_identification:_identify(segwayrmp) ignored
[0.176s] Level 1:colcon.colcon_core.package_identification:_identify(src) by extensions ['ignore', 'ignore_ament_install']
[0.176s] Level 1:colcon.colcon_core.package_identification:_identify(src) by extension 'ignore'
[0.176s] Level 1:colcon.colcon_core.package_identification:_identify(src) by extension 'ignore_ament_install'
[0.176s] Level 1:colcon.colcon_core.package_identification:_identify(src) by extensions ['colcon_pkg']
[0.176s] Level 1:colcon.colcon_core.package_identification:_identify(src) by extension 'colcon_pkg'
[0.176s] Level 1:colcon.colcon_core.package_identification:_identify(src) by extensions ['colcon_meta']
[0.176s] Level 1:colcon.colcon_core.package_identification:_identify(src) by extension 'colcon_meta'
[0.176s] Level 1:colcon.colcon_core.package_identification:_identify(src) by extensions ['ros']
[0.176s] Level 1:colcon.colcon_core.package_identification:_identify(src) by extension 'ros'
[0.176s] Level 1:colcon.colcon_core.package_identification:_identify(src) by extensions ['cmake', 'python']
[0.176s] Level 1:colcon.colcon_core.package_identification:_identify(src) by extension 'cmake'
[0.176s] Level 1:colcon.colcon_core.package_identification:_identify(src) by extension 'python'
[0.176s] Level 1:colcon.colcon_core.package_identification:_identify(src) by extensions ['python_setup_py']
[0.176s] Level 1:colcon.colcon_core.package_identification:_identify(src) by extension 'python_setup_py'
[0.177s] Level 1:colcon.colcon_core.package_identification:_identify(src/segway_msgs) by extensions ['ignore', 'ignore_ament_install']
[0.177s] Level 1:colcon.colcon_core.package_identification:_identify(src/segway_msgs) by extension 'ignore'
[0.177s] Level 1:colcon.colcon_core.package_identification:_identify(src/segway_msgs) by extension 'ignore_ament_install'
[0.177s] Level 1:colcon.colcon_core.package_identification:_identify(src/segway_msgs) by extensions ['colcon_pkg']
[0.177s] Level 1:colcon.colcon_core.package_identification:_identify(src/segway_msgs) by extension 'colcon_pkg'
[0.177s] Level 1:colcon.colcon_core.package_identification:_identify(src/segway_msgs) by extensions ['colcon_meta']
[0.177s] Level 1:colcon.colcon_core.package_identification:_identify(src/segway_msgs) by extension 'colcon_meta'
[0.177s] Level 1:colcon.colcon_core.package_identification:_identify(src/segway_msgs) by extensions ['ros']
[0.177s] Level 1:colcon.colcon_core.package_identification:_identify(src/segway_msgs) by extension 'ros'
[0.178s] DEBUG:colcon.colcon_core.package_identification:Package 'src/segway_msgs' with type 'ros.catkin' and name 'segway_msgs'
[0.178s] Level 1:colcon.colcon_core.package_identification:_identify(src/segway_ros2) by extensions ['ignore', 'ignore_ament_install']
[0.178s] Level 1:colcon.colcon_core.package_identification:_identify(src/segway_ros2) by extension 'ignore'
[0.178s] Level 1:colcon.colcon_core.package_identification:_identify(src/segway_ros2) by extension 'ignore_ament_install'
[0.178s] Level 1:colcon.colcon_core.package_identification:_identify(src/segway_ros2) by extensions ['colcon_pkg']
[0.178s] Level 1:colcon.colcon_core.package_identification:_identify(src/segway_ros2) by extension 'colcon_pkg'
[0.178s] Level 1:colcon.colcon_core.package_identification:_identify(src/segway_ros2) by extensions ['colcon_meta']
[0.178s] Level 1:colcon.colcon_core.package_identification:_identify(src/segway_ros2) by extension 'colcon_meta'
[0.178s] Level 1:colcon.colcon_core.package_identification:_identify(src/segway_ros2) by extensions ['ros']
[0.178s] Level 1:colcon.colcon_core.package_identification:_identify(src/segway_ros2) by extension 'ros'
[0.179s] DEBUG:colcon.colcon_core.package_identification:Package 'src/segway_ros2' with type 'ros.ament_cmake' and name 'segway_ros2'
[0.179s] Level 1:colcon.colcon_core.package_discovery:discover_packages(recursive) using defaults
[0.179s] Level 1:colcon.colcon_core.package_discovery:discover_packages(ignore) discover
[0.179s] Level 1:colcon.colcon_core.package_discovery:discover_packages(ignore) using defaults
[0.179s] Level 1:colcon.colcon_core.package_discovery:discover_packages(path) discover
[0.179s] Level 1:colcon.colcon_core.package_discovery:discover_packages(path) using defaults
[0.189s] Level 1:colcon.colcon_core.package_discovery:discover_packages(prefix_path) check parameters
[0.189s] Level 1:colcon.colcon_core.package_discovery:discover_packages(prefix_path) discover
[0.190s] DEBUG:colcon.colcon_installed_package_information.package_discovery:Found 411 installed packages in /opt/ros/humble
[0.191s] Level 1:colcon.colcon_core.package_discovery:discover_packages(prefix_path) using defaults
[0.212s] Level 5:colcon.colcon_core.verb:set package 'segway_msgs' build argument 'cmake_args' from command line to '['-DCMAKE_BUILD_TYPE=Release', '-DCMAKE_EXPORT_COMPILE_COMMANDS=ON', '-DCMAKE_C_COMPILER_LAUNCHER=ccache', '-DCMAKE_CXX_COMPILER_LAUNCHER=ccache']'
[0.212s] Level 5:colcon.colcon_core.verb:set package 'segway_msgs' build argument 'cmake_target' from command line to 'None'
[0.212s] Level 5:colcon.colcon_core.verb:set package 'segway_msgs' build argument 'cmake_target_skip_unavailable' from command line to 'False'
[0.212s] Level 5:colcon.colcon_core.verb:set package 'segway_msgs' build argument 'cmake_clean_cache' from command line to 'False'
[0.212s] Level 5:colcon.colcon_core.verb:set package 'segway_msgs' build argument 'cmake_clean_first' from command line to 'False'
[0.212s] Level 5:colcon.colcon_core.verb:set package 'segway_msgs' build argument 'cmake_force_configure' from command line to 'False'
[0.212s] Level 5:colcon.colcon_core.verb:set package 'segway_msgs' build argument 'ament_cmake_args' from command line to 'None'
[0.212s] Level 5:colcon.colcon_core.verb:set package 'segway_msgs' build argument 'catkin_cmake_args' from command line to 'None'
[0.212s] Level 5:colcon.colcon_core.verb:set package 'segway_msgs' build argument 'catkin_skip_building_tests' from command line to 'False'
[0.212s] DEBUG:colcon.colcon_core.verb:Building package 'segway_msgs' with the following arguments: {'ament_cmake_args': None, 'build_base': '/home/joe/Desktop/segway_ws/segway_ws/build/segway_msgs', 'catkin_cmake_args': None, 'catkin_skip_building_tests': False, 'cmake_args': ['-DCMAKE_BUILD_TYPE=Release', '-DCMAKE_EXPORT_COMPILE_COMMANDS=ON', '-DCMAKE_C_COMPILER_LAUNCHER=ccache', '-DCMAKE_CXX_COMPILER_LAUNCHER=ccache'], 'cmake_clean_cache': False, 'cmake_clean_first': False, 'cmake_force_configure': False, 'cmake_target': None, 'cmake_target_skip_unavailable': False, 'install_base': '/home/joe/Desktop/segway_ws/segway_ws/install/segway_msgs', 'merge_install': False, 'path': '/home/joe/Desktop/segway_ws/segway_ws/src/segway_msgs', 'symlink_install': True, 'test_result_base': None}
[0.212s] Level 5:colcon.colcon_core.verb:set package 'segway_ros2' build argument 'cmake_args' from command line to '['-DCMAKE_BUILD_TYPE=Release', '-DCMAKE_EXPORT_COMPILE_COMMANDS=ON', '-DCMAKE_C_COMPILER_LAUNCHER=ccache', '-DCMAKE_CXX_COMPILER_LAUNCHER=ccache']'
[0.212s] Level 5:colcon.colcon_core.verb:set package 'segway_ros2' build argument 'cmake_target' from command line to 'None'
[0.212s] Level 5:colcon.colcon_core.verb:set package 'segway_ros2' build argument 'cmake_target_skip_unavailable' from command line to 'False'
[0.212s] Level 5:colcon.colcon_core.verb:set package 'segway_ros2' build argument 'cmake_clean_cache' from command line to 'False'
[0.212s] Level 5:colcon.colcon_core.verb:set package 'segway_ros2' build argument 'cmake_clean_first' from command line to 'False'
[0.212s] Level 5:colcon.colcon_core.verb:set package 'segway_ros2' build argument 'cmake_force_configure' from command line to 'False'
[0.212s] Level 5:colcon.colcon_core.verb:set package 'segway_ros2' build argument 'ament_cmake_args' from command line to 'None'
[0.212s] Level 5:colcon.colcon_core.verb:set package 'segway_ros2' build argument 'catkin_cmake_args' from command line to 'None'
[0.212s] Level 5:colcon.colcon_core.verb:set package 'segway_ros2' build argument 'catkin_skip_building_tests' from command line to 'False'
[0.212s] DEBUG:colcon.colcon_core.verb:Building package 'segway_ros2' with the following arguments: {'ament_cmake_args': None, 'build_base': '/home/joe/Desktop/segway_ws/segway_ws/build/segway_ros2', 'catkin_cmake_args': None, 'catkin_skip_building_tests': False, 'cmake_args': ['-DCMAKE_BUILD_TYPE=Release', '-DCMAKE_EXPORT_COMPILE_COMMANDS=ON', '-DCMAKE_C_COMPILER_LAUNCHER=ccache', '-DCMAKE_CXX_COMPILER_LAUNCHER=ccache'], 'cmake_clean_cache': False, 'cmake_clean_first': False, 'cmake_force_configure': False, 'cmake_target': None, 'cmake_target_skip_unavailable': False, 'install_base': '/home/joe/Desktop/segway_ws/segway_ws/install/segway_ros2', 'merge_install': False, 'path': '/home/joe/Desktop/segway_ws/segway_ws/src/segway_ros2', 'symlink_install': True, 'test_result_base': None}
[0.212s] INFO:colcon.colcon_core.executor:Executing jobs using 'parallel' executor
[0.213s] DEBUG:colcon.colcon_parallel_executor.executor.parallel:run_until_complete
[0.213s] INFO:colcon.colcon_ros.task.catkin.build:Building ROS package in '/home/joe/Desktop/segway_ws/segway_ws/src/segway_msgs' with build type 'catkin'
[0.213s] INFO:colcon.colcon_cmake.task.cmake.build:Building CMake package in '/home/joe/Desktop/segway_ws/segway_ws/src/segway_msgs'
[0.214s] INFO:colcon.colcon_core.plugin_system:Skipping extension 'colcon_core.shell.bat': Not used on non-Windows systems
[0.214s] INFO:colcon.colcon_core.shell:Skip shell extension 'powershell' for command environment: Not usable outside of PowerShell
[0.214s] DEBUG:colcon.colcon_core.shell:Skip shell extension 'dsv' for command environment
[0.221s] DEBUG:colcon.colcon_core.event_handler.log_command:Invoking command in '/home/joe/Desktop/segway_ws/segway_ws/build/segway_msgs': /home/joe/.local/bin/cmake /home/joe/Desktop/segway_ws/segway_ws/src/segway_msgs -DCMAKE_BUILD_TYPE=Release -DCMAKE_EXPORT_COMPILE_COMMANDS=ON -DCMAKE_C_COMPILER_LAUNCHER=ccache -DCMAKE_CXX_COMPILER_LAUNCHER=ccache -DCATKIN_INSTALL_INTO_PREFIX_ROOT=0 -DCATKIN_SYMLINK_INSTALL=ON -DCMAKE_INSTALL_PREFIX=/home/joe/Desktop/segway_ws/segway_ws/install/segway_msgs
[1.205s] DEBUG:colcon.colcon_core.event_handler.log_command:Invoked command in '/home/joe/Desktop/segway_ws/segway_ws/build/segway_msgs' returned '0': /home/joe/.local/bin/cmake /home/joe/Desktop/segway_ws/segway_ws/src/segway_msgs -DCMAKE_BUILD_TYPE=Release -DCMAKE_EXPORT_COMPILE_COMMANDS=ON -DCMAKE_C_COMPILER_LAUNCHER=ccache -DCMAKE_CXX_COMPILER_LAUNCHER=ccache -DCATKIN_INSTALL_INTO_PREFIX_ROOT=0 -DCATKIN_SYMLINK_INSTALL=ON -DCMAKE_INSTALL_PREFIX=/home/joe/Desktop/segway_ws/segway_ws/install/segway_msgs
[1.207s] DEBUG:colcon.colcon_core.event_handler.log_command:Invoking command in '/home/joe/Desktop/segway_ws/segway_ws/build/segway_msgs': /home/joe/.local/bin/cmake --build /home/joe/Desktop/segway_ws/segway_ws/build/segway_msgs -- -j32 -l32
[10.258s] DEBUG:colcon.colcon_core.event_handler.log_command:Invoked command in '/home/joe/Desktop/segway_ws/segway_ws/build/segway_msgs' returned '0': /home/joe/.local/bin/cmake --build /home/joe/Desktop/segway_ws/segway_ws/build/segway_msgs -- -j32 -l32
[11.447s] DEBUG:colcon.colcon_core.event_handler.log_command:Invoking command in '/home/joe/Desktop/segway_ws/segway_ws/build/segway_msgs': /home/joe/.local/bin/cmake --install /home/joe/Desktop/segway_ws/segway_ws/build/segway_msgs
[11.568s] DEBUG:colcon.colcon_core.event_handler.log_command:Invoked command in '/home/joe/Desktop/segway_ws/segway_ws/build/segway_msgs' returned '0': /home/joe/.local/bin/cmake --install /home/joe/Desktop/segway_ws/segway_ws/build/segway_msgs
[12.138s] Level 1:colcon.colcon_core.shell:create_environment_hook('segway_msgs', 'ros_package_path')
[12.138s] INFO:colcon.colcon_core.shell:Creating environment hook '/home/joe/Desktop/segway_ws/segway_ws/install/segway_msgs/share/segway_msgs/hook/ros_package_path.ps1'
[12.139s] INFO:colcon.colcon_core.shell:Creating environment descriptor '/home/joe/Desktop/segway_ws/segway_ws/install/segway_msgs/share/segway_msgs/hook/ros_package_path.dsv'
[12.139s] INFO:colcon.colcon_core.shell:Creating environment hook '/home/joe/Desktop/segway_ws/segway_ws/install/segway_msgs/share/segway_msgs/hook/ros_package_path.sh'
[12.139s] Level 1:colcon.colcon_ros.task.catkin:checking '/home/joe/Desktop/segway_ws/segway_ws/install/segway_msgs/local/lib/python3.10/dist-packages'
[12.139s] Level 1:colcon.colcon_core.shell:create_environment_hook('segway_msgs', 'catkin_pythonpath')
[12.139s] INFO:colcon.colcon_core.shell:Creating environment hook '/home/joe/Desktop/segway_ws/segway_ws/install/segway_msgs/share/segway_msgs/hook/catkin_pythonpath.ps1'
[12.139s] INFO:colcon.colcon_core.shell:Creating environment descriptor '/home/joe/Desktop/segway_ws/segway_ws/install/segway_msgs/share/segway_msgs/hook/catkin_pythonpath.dsv'
[12.139s] INFO:colcon.colcon_core.shell:Creating environment hook '/home/joe/Desktop/segway_ws/segway_ws/install/segway_msgs/share/segway_msgs/hook/catkin_pythonpath.sh'
[12.140s] Level 1:colcon.colcon_core.shell:create_environment_hook('segway_msgs', 'pkg_config_path')
[12.140s] INFO:colcon.colcon_core.shell:Creating environment hook '/home/joe/Desktop/segway_ws/segway_ws/install/segway_msgs/share/segway_msgs/hook/pkg_config_path.ps1'
[12.140s] INFO:colcon.colcon_core.shell:Creating environment descriptor '/home/joe/Desktop/segway_ws/segway_ws/install/segway_msgs/share/segway_msgs/hook/pkg_config_path.dsv'
[12.140s] INFO:colcon.colcon_core.shell:Creating environment hook '/home/joe/Desktop/segway_ws/segway_ws/install/segway_msgs/share/segway_msgs/hook/pkg_config_path.sh'
[12.141s] Level 1:colcon.colcon_core.shell:create_environment_hook('segway_msgs', 'pkg_config_path_multiarch')
[12.141s] INFO:colcon.colcon_core.shell:Creating environment hook '/home/joe/Desktop/segway_ws/segway_ws/install/segway_msgs/share/segway_msgs/hook/pkg_config_path_multiarch.ps1'
[12.142s] INFO:colcon.colcon_core.shell:Creating environment descriptor '/home/joe/Desktop/segway_ws/segway_ws/install/segway_msgs/share/segway_msgs/hook/pkg_config_path_multiarch.dsv'
[12.142s] INFO:colcon.colcon_core.shell:Creating environment hook '/home/joe/Desktop/segway_ws/segway_ws/install/segway_msgs/share/segway_msgs/hook/pkg_config_path_multiarch.sh'
[12.143s] Level 1:colcon.colcon_core.environment:create_environment_scripts_only(segway_msgs)
[12.144s] Level 1:colcon.colcon_core.environment:checking '/home/joe/Desktop/segway_ws/segway_ws/install/segway_msgs' for CMake module files
[12.144s] Level 1:colcon.colcon_core.environment:checking '/home/joe/Desktop/segway_ws/segway_ws/install/segway_msgs' for CMake config files
[12.144s] Level 1:colcon.colcon_core.shell:create_environment_hook('segway_msgs', 'cmake_prefix_path')
[12.144s] INFO:colcon.colcon_core.shell:Creating environment hook '/home/joe/Desktop/segway_ws/segway_ws/install/segway_msgs/share/segway_msgs/hook/cmake_prefix_path.ps1'
[12.144s] INFO:colcon.colcon_core.shell:Creating environment descriptor '/home/joe/Desktop/segway_ws/segway_ws/install/segway_msgs/share/segway_msgs/hook/cmake_prefix_path.dsv'
[12.145s] INFO:colcon.colcon_core.shell:Creating environment hook '/home/joe/Desktop/segway_ws/segway_ws/install/segway_msgs/share/segway_msgs/hook/cmake_prefix_path.sh'
[12.145s] Level 1:colcon.colcon_core.environment:checking '/home/joe/Desktop/segway_ws/segway_ws/install/segway_msgs/lib'
[12.145s] Level 1:colcon.colcon_core.shell:create_environment_hook('segway_msgs', 'ld_library_path_lib')
[12.145s] INFO:colcon.colcon_core.shell:Creating environment hook '/home/joe/Desktop/segway_ws/segway_ws/install/segway_msgs/share/segway_msgs/hook/ld_library_path_lib.ps1'
[12.145s] INFO:colcon.colcon_core.shell:Creating environment descriptor '/home/joe/Desktop/segway_ws/segway_ws/install/segway_msgs/share/segway_msgs/hook/ld_library_path_lib.dsv'
[12.145s] INFO:colcon.colcon_core.shell:Creating environment hook '/home/joe/Desktop/segway_ws/segway_ws/install/segway_msgs/share/segway_msgs/hook/ld_library_path_lib.sh'
[12.145s] Level 1:colcon.colcon_core.environment:checking '/home/joe/Desktop/segway_ws/segway_ws/install/segway_msgs/bin'
[12.145s] Level 1:colcon.colcon_core.environment:checking '/home/joe/Desktop/segway_ws/segway_ws/install/segway_msgs/lib/pkgconfig/segway_msgs.pc'
[12.145s] Level 1:colcon.colcon_core.environment:checking '/home/joe/Desktop/segway_ws/segway_ws/install/segway_msgs/lib/python3.10/site-packages'
[12.146s] Level 1:colcon.colcon_core.environment:checking '/home/joe/Desktop/segway_ws/segway_ws/install/segway_msgs/bin'
[12.146s] INFO:colcon.colcon_core.shell:Creating package script '/home/joe/Desktop/segway_ws/segway_ws/install/segway_msgs/share/segway_msgs/package.ps1'
[12.146s] INFO:colcon.colcon_core.shell:Creating package descriptor '/home/joe/Desktop/segway_ws/segway_ws/install/segway_msgs/share/segway_msgs/package.dsv'
[12.146s] INFO:colcon.colcon_core.shell:Creating package script '/home/joe/Desktop/segway_ws/segway_ws/install/segway_msgs/share/segway_msgs/package.sh'
[12.147s] INFO:colcon.colcon_core.shell:Creating package script '/home/joe/Desktop/segway_ws/segway_ws/install/segway_msgs/share/segway_msgs/package.bash'
[12.147s] INFO:colcon.colcon_core.shell:Creating package script '/home/joe/Desktop/segway_ws/segway_ws/install/segway_msgs/share/segway_msgs/package.zsh'
[12.147s] Level 1:colcon.colcon_core.environment:create_file_with_runtime_dependencies(/home/joe/Desktop/segway_ws/segway_ws/install/segway_msgs/share/colcon-core/packages/segway_msgs)
[12.148s] INFO:colcon.colcon_ros.task.ament_cmake.build:Building ROS package in '/home/joe/Desktop/segway_ws/segway_ws/src/segway_ros2' with build type 'ament_cmake'
[12.148s] INFO:colcon.colcon_cmake.task.cmake.build:Building CMake package in '/home/joe/Desktop/segway_ws/segway_ws/src/segway_ros2'
[12.148s] INFO:colcon.colcon_core.shell:Skip shell extension 'powershell' for command environment: Not usable outside of PowerShell
[12.148s] DEBUG:colcon.colcon_core.shell:Skip shell extension 'dsv' for command environment
[12.155s] DEBUG:colcon.colcon_core.event_handler.log_command:Invoking command in '/home/joe/Desktop/segway_ws/segway_ws/build/segway_ros2': CMAKE_PREFIX_PATH=/opt/ros/humble:/home/joe/Desktop/segway_ws/segway_ws/install/segway_msgs LD_LIBRARY_PATH=/home/joe/Desktop/segway_ws/segway_ws/install/segway_msgs/lib:${LD_LIBRARY_PATH} PKG_CONFIG_PATH=/home/joe/Desktop/segway_ws/segway_ws/install/segway_msgs/lib/x86_64-linux-gnu/pkgconfig:/home/joe/Desktop/segway_ws/segway_ws/install/segway_msgs/lib/pkgconfig PYTHONPATH=/home/joe/Desktop/segway_ws/segway_ws/install/segway_msgs/local/lib/python3.10/dist-packages:${PYTHONPATH} ROS_PACKAGE_PATH=/home/joe/Desktop/segway_ws/segway_ws/install/segway_msgs/share /home/joe/.local/bin/cmake /home/joe/Desktop/segway_ws/segway_ws/src/segway_ros2 -DCMAKE_BUILD_TYPE=Release -DCMAKE_EXPORT_COMPILE_COMMANDS=ON -DCMAKE_C_COMPILER_LAUNCHER=ccache -DCMAKE_CXX_COMPILER_LAUNCHER=ccache -DAMENT_CMAKE_SYMLINK_INSTALL=1 -DCMAKE_INSTALL_PREFIX=/home/joe/Desktop/segway_ws/segway_ws/install/segway_ros2
[13.258s] DEBUG:colcon.colcon_core.event_handler.log_command:Invoked command in '/home/joe/Desktop/segway_ws/segway_ws/build/segway_ros2' returned '1': CMAKE_PREFIX_PATH=/opt/ros/humble:/home/joe/Desktop/segway_ws/segway_ws/install/segway_msgs LD_LIBRARY_PATH=/home/joe/Desktop/segway_ws/segway_ws/install/segway_msgs/lib:${LD_LIBRARY_PATH} PKG_CONFIG_PATH=/home/joe/Desktop/segway_ws/segway_ws/install/segway_msgs/lib/x86_64-linux-gnu/pkgconfig:/home/joe/Desktop/segway_ws/segway_ws/install/segway_msgs/lib/pkgconfig PYTHONPATH=/home/joe/Desktop/segway_ws/segway_ws/install/segway_msgs/local/lib/python3.10/dist-packages:${PYTHONPATH} ROS_PACKAGE_PATH=/home/joe/Desktop/segway_ws/segway_ws/install/segway_msgs/share /home/joe/.local/bin/cmake /home/joe/Desktop/segway_ws/segway_ws/src/segway_ros2 -DCMAKE_BUILD_TYPE=Release -DCMAKE_EXPORT_COMPILE_COMMANDS=ON -DCMAKE_C_COMPILER_LAUNCHER=ccache -DCMAKE_CXX_COMPILER_LAUNCHER=ccache -DAMENT_CMAKE_SYMLINK_INSTALL=1 -DCMAKE_INSTALL_PREFIX=/home/joe/Desktop/segway_ws/segway_ws/install/segway_ros2
[13.280s] Level 1:colcon.colcon_core.environment:create_environment_scripts_only(segway_ros2)
[13.280s] Level 1:colcon.colcon_core.environment:checking '/home/joe/Desktop/segway_ws/segway_ws/install/segway_ros2' for CMake module files
[13.280s] Level 1:colcon.colcon_core.environment:checking '/home/joe/Desktop/segway_ws/segway_ws/install/segway_ros2' for CMake config files
[13.280s] Level 1:colcon.colcon_core.environment:checking '/home/joe/Desktop/segway_ws/segway_ws/install/segway_ros2/bin'
[13.280s] Level 1:colcon.colcon_core.environment:checking '/home/joe/Desktop/segway_ws/segway_ws/install/segway_ros2/lib/pkgconfig/segway_ros2.pc'
[13.280s] Level 1:colcon.colcon_core.environment:checking '/home/joe/Desktop/segway_ws/segway_ws/install/segway_ros2/lib/python3.10/site-packages'
[13.281s] Level 1:colcon.colcon_core.environment:checking '/home/joe/Desktop/segway_ws/segway_ws/install/segway_ros2/bin'
[13.281s] INFO:colcon.colcon_core.shell:Creating package script '/home/joe/Desktop/segway_ws/segway_ws/install/segway_ros2/share/segway_ros2/package.ps1'
[13.281s] INFO:colcon.colcon_core.shell:Creating package descriptor '/home/joe/Desktop/segway_ws/segway_ws/install/segway_ros2/share/segway_ros2/package.dsv'
[13.281s] INFO:colcon.colcon_core.shell:Creating package script '/home/joe/Desktop/segway_ws/segway_ws/install/segway_ros2/share/segway_ros2/package.sh'
[13.281s] INFO:colcon.colcon_core.shell:Creating package script '/home/joe/Desktop/segway_ws/segway_ws/install/segway_ros2/share/segway_ros2/package.bash'
[13.281s] INFO:colcon.colcon_core.shell:Creating package script '/home/joe/Desktop/segway_ws/segway_ws/install/segway_ros2/share/segway_ros2/package.zsh'
[13.282s] Level 1:colcon.colcon_core.environment:create_file_with_runtime_dependencies(/home/joe/Desktop/segway_ws/segway_ws/install/segway_ros2/share/colcon-core/packages/segway_ros2)
[13.292s] DEBUG:colcon.colcon_parallel_executor.executor.parallel:closing loop
[13.292s] DEBUG:colcon.colcon_parallel_executor.executor.parallel:loop closed
[13.292s] DEBUG:colcon.colcon_parallel_executor.executor.parallel:run_until_complete finished with '1'
[13.292s] DEBUG:colcon.colcon_core.event_reactor:joining thread
[13.296s] INFO:colcon.colcon_core.plugin_system:Skipping extension 'colcon_notification.desktop_notification.terminal_notifier': Not used on non-Darwin systems
[13.296s] INFO:colcon.colcon_core.plugin_system:Skipping extension 'colcon_notification.desktop_notification.win32': Not used on non-Windows systems
[13.296s] INFO:colcon.colcon_notification.desktop_notification:Sending desktop notification using 'notify2'
[13.307s] DEBUG:colcon.colcon_core.event_reactor:joined thread
[13.307s] INFO:colcon.colcon_core.shell:Creating prefix script '/home/joe/Desktop/segway_ws/segway_ws/install/local_setup.ps1'
[13.308s] INFO:colcon.colcon_core.shell:Creating prefix util module '/home/joe/Desktop/segway_ws/segway_ws/install/_local_setup_util_ps1.py'
[13.308s] INFO:colcon.colcon_core.shell:Creating prefix chain script '/home/joe/Desktop/segway_ws/segway_ws/install/setup.ps1'
[13.309s] INFO:colcon.colcon_core.shell:Creating prefix script '/home/joe/Desktop/segway_ws/segway_ws/install/local_setup.sh'
[13.309s] INFO:colcon.colcon_core.shell:Creating prefix util module '/home/joe/Desktop/segway_ws/segway_ws/install/_local_setup_util_sh.py'
[13.309s] INFO:colcon.colcon_core.shell:Creating prefix chain script '/home/joe/Desktop/segway_ws/segway_ws/install/setup.sh'
[13.309s] INFO:colcon.colcon_core.shell:Creating prefix script '/home/joe/Desktop/segway_ws/segway_ws/install/local_setup.bash'
[13.310s] INFO:colcon.colcon_core.shell:Creating prefix chain script '/home/joe/Desktop/segway_ws/segway_ws/install/setup.bash'
[13.310s] INFO:colcon.colcon_core.shell:Creating prefix script '/home/joe/Desktop/segway_ws/segway_ws/install/local_setup.zsh'
[13.310s] INFO:colcon.colcon_core.shell:Creating prefix chain script '/home/joe/Desktop/segway_ws/segway_ws/install/setup.zsh'
