In file included from /home/joe/Desktop/segway_ws/segway_ws/src/segway_ros2/include/Ge_encoder_odometry.h:16,
                 from /home/joe/Desktop/segway_ws/segway_ws/src/segway_ros2/include/segway_ros2/drive_segway_sample.hpp:5,
                 from /home/joe/Desktop/segway_ws/segway_ws/src/segway_ros2/src/drive_segway_sample.cpp:10:
/home/joe/Desktop/segway_ws/segway_ws/src/segway_ros2/include/Ge_encoder_sensordata.h: In member function ‘SensorData::BaseImu SensorData::BaseImu::Interpolation(int64_t, SensorData::BaseImu, SensorData::BaseImu)’:
/home/joe/Desktop/segway_ws/segway_ws/src/segway_ros2/include/Ge_encoder_sensordata.h:29:58: warning: implicitly-declared ‘constexpr SensorData::BaseImu::BaseImu(const SensorData::BaseImu&)’ is deprecated [-Wdeprecated-copy]
   29 |             if(time_inter <= imu_before.TimeStamp)return imu_before;
      |                                                          ^~~~~~~~~~
/home/joe/Desktop/segway_ws/segway_ws/src/segway_ros2/include/Ge_encoder_sensordata.h:17:18: note: because ‘SensorData::BaseImu’ has user-provided ‘SensorData::BaseImu& SensorData::BaseImu::operator=(SensorData::BaseImu&)’
   17 |         BaseImu& operator=(BaseImu& other)
      |                  ^~~~~~~~
/home/joe/Desktop/segway_ws/segway_ws/src/segway_ros2/include/Ge_encoder_sensordata.h:30:57: warning: implicitly-declared ‘constexpr SensorData::BaseImu::BaseImu(const SensorData::BaseImu&)’ is deprecated [-Wdeprecated-copy]
   30 |             if(time_inter >= imu_after.TimeStamp)return imu_after;
      |                                                         ^~~~~~~~~
/home/joe/Desktop/segway_ws/segway_ws/src/segway_ros2/include/Ge_encoder_sensordata.h:17:18: note: because ‘SensorData::BaseImu’ has user-provided ‘SensorData::BaseImu& SensorData::BaseImu::operator=(SensorData::BaseImu&)’
   17 |         BaseImu& operator=(BaseImu& other)
      |                  ^~~~~~~~
/home/joe/Desktop/segway_ws/segway_ws/src/segway_ros2/include/Ge_encoder_sensordata.h:31:67: warning: implicitly-declared ‘constexpr SensorData::BaseImu::BaseImu(const SensorData::BaseImu&)’ is deprecated [-Wdeprecated-copy]
   31 |             if(imu_before.TimeStamp == imu_after.TimeStamp)return imu_before;
      |                                                                   ^~~~~~~~~~
/home/joe/Desktop/segway_ws/segway_ws/src/segway_ros2/include/Ge_encoder_sensordata.h:17:18: note: because ‘SensorData::BaseImu’ has user-provided ‘SensorData::BaseImu& SensorData::BaseImu::operator=(SensorData::BaseImu&)’
   17 |         BaseImu& operator=(BaseImu& other)
      |                  ^~~~~~~~
/home/joe/Desktop/segway_ws/segway_ws/src/segway_ros2/include/Ge_encoder_sensordata.h:38:20: warning: implicitly-declared ‘constexpr SensorData::BaseImu::BaseImu(const SensorData::BaseImu&)’ is deprecated [-Wdeprecated-copy]
   38 |             return res;
      |                    ^~~
/home/joe/Desktop/segway_ws/segway_ws/src/segway_ros2/include/Ge_encoder_sensordata.h:17:18: note: because ‘SensorData::BaseImu’ has user-provided ‘SensorData::BaseImu& SensorData::BaseImu::operator=(SensorData::BaseImu&)’
   17 |         BaseImu& operator=(BaseImu& other)
      |                  ^~~~~~~~
In file included from /home/joe/Desktop/segway_ws/segway_ws/src/segway_ros2/include/segway_ros2/drive_segway_sample.hpp:5,
                 from /home/joe/Desktop/segway_ws/segway_ws/src/segway_ros2/src/drive_segway_sample.cpp:10:
/home/joe/Desktop/segway_ws/segway_ws/src/segway_ros2/include/Ge_encoder_odometry.h: In member function ‘SensorData::BaseImu ImuRecord::getAverageImu(int64_t)’:
/home/joe/Desktop/segway_ws/segway_ws/src/segway_ros2/include/Ge_encoder_odometry.h:28:38: warning: implicitly-declared ‘constexpr SensorData::BaseImu::BaseImu(const SensorData::BaseImu&)’ is deprecated [-Wdeprecated-copy]
   28 |     SensorData::BaseImu imu_after = *i;
      |                                      ^
In file included from /home/joe/Desktop/segway_ws/segway_ws/src/segway_ros2/include/Ge_encoder_odometry.h:16,
                 from /home/joe/Desktop/segway_ws/segway_ws/src/segway_ros2/include/segway_ros2/drive_segway_sample.hpp:5,
                 from /home/joe/Desktop/segway_ws/segway_ws/src/segway_ros2/src/drive_segway_sample.cpp:10:
/home/joe/Desktop/segway_ws/segway_ws/src/segway_ros2/include/Ge_encoder_sensordata.h:17:18: note: because ‘SensorData::BaseImu’ has user-provided ‘SensorData::BaseImu& SensorData::BaseImu::operator=(SensorData::BaseImu&)’
   17 |         BaseImu& operator=(BaseImu& other)
      |                  ^~~~~~~~
In file included from /home/joe/Desktop/segway_ws/segway_ws/src/segway_ros2/include/segway_ros2/drive_segway_sample.hpp:5,
                 from /home/joe/Desktop/segway_ws/segway_ws/src/segway_ros2/src/drive_segway_sample.cpp:10:
/home/joe/Desktop/segway_ws/segway_ws/src/segway_ros2/include/Ge_encoder_odometry.h:38:55: warning: implicitly-declared ‘constexpr SensorData::BaseImu::BaseImu(const SensorData::BaseImu&)’ is deprecated [-Wdeprecated-copy]
   38 |       SensorData::BaseImu imu_suanz = i->Interpolation(ts, *i, *j);
      |                                       ~~~~~~~~~~~~~~~~^~~~~~~~~~~~
In file included from /home/joe/Desktop/segway_ws/segway_ws/src/segway_ros2/include/Ge_encoder_odometry.h:16,
                 from /home/joe/Desktop/segway_ws/segway_ws/src/segway_ros2/include/segway_ros2/drive_segway_sample.hpp:5,
                 from /home/joe/Desktop/segway_ws/segway_ws/src/segway_ros2/src/drive_segway_sample.cpp:10:
/home/joe/Desktop/segway_ws/segway_ws/src/segway_ros2/include/Ge_encoder_sensordata.h:17:18: note: because ‘SensorData::BaseImu’ has user-provided ‘SensorData::BaseImu& SensorData::BaseImu::operator=(SensorData::BaseImu&)’
   17 |         BaseImu& operator=(BaseImu& other)
      |                  ^~~~~~~~
/home/joe/Desktop/segway_ws/segway_ws/src/segway_ros2/include/Ge_encoder_sensordata.h:26:59: note:   initializing argument 2 of ‘SensorData::BaseImu SensorData::BaseImu::Interpolation(int64_t, SensorData::BaseImu, SensorData::BaseImu)’
   26 |         BaseImu Interpolation(int64_t time_inter, BaseImu imu_before, BaseImu imu_after){
      |                                                   ~~~~~~~~^~~~~~~~~~
In file included from /home/joe/Desktop/segway_ws/segway_ws/src/segway_ros2/include/segway_ros2/drive_segway_sample.hpp:5,
                 from /home/joe/Desktop/segway_ws/segway_ws/src/segway_ros2/src/drive_segway_sample.cpp:10:
/home/joe/Desktop/segway_ws/segway_ws/src/segway_ros2/include/Ge_encoder_odometry.h:38:55: warning: implicitly-declared ‘constexpr SensorData::BaseImu::BaseImu(const SensorData::BaseImu&)’ is deprecated [-Wdeprecated-copy]
   38 |       SensorData::BaseImu imu_suanz = i->Interpolation(ts, *i, *j);
      |                                       ~~~~~~~~~~~~~~~~^~~~~~~~~~~~
In file included from /home/joe/Desktop/segway_ws/segway_ws/src/segway_ros2/include/Ge_encoder_odometry.h:16,
                 from /home/joe/Desktop/segway_ws/segway_ws/src/segway_ros2/include/segway_ros2/drive_segway_sample.hpp:5,
                 from /home/joe/Desktop/segway_ws/segway_ws/src/segway_ros2/src/drive_segway_sample.cpp:10:
/home/joe/Desktop/segway_ws/segway_ws/src/segway_ros2/include/Ge_encoder_sensordata.h:17:18: note: because ‘SensorData::BaseImu’ has user-provided ‘SensorData::BaseImu& SensorData::BaseImu::operator=(SensorData::BaseImu&)’
   17 |         BaseImu& operator=(BaseImu& other)
      |                  ^~~~~~~~
/home/joe/Desktop/segway_ws/segway_ws/src/segway_ros2/include/Ge_encoder_sensordata.h:26:79: note:   initializing argument 3 of ‘SensorData::BaseImu SensorData::BaseImu::Interpolation(int64_t, SensorData::BaseImu, SensorData::BaseImu)’
   26 |         BaseImu Interpolation(int64_t time_inter, BaseImu imu_before, BaseImu imu_after){
      |                                                                       ~~~~~~~~^~~~~~~~~
In file included from /home/joe/Desktop/segway_ws/segway_ws/src/segway_ros2/include/segway_ros2/drive_segway_sample.hpp:5,
                 from /home/joe/Desktop/segway_ws/segway_ws/src/segway_ros2/src/drive_segway_sample.cpp:10:
/home/joe/Desktop/segway_ws/segway_ws/src/segway_ros2/include/Ge_encoder_odometry.h:43:49: warning: implicitly-declared ‘constexpr SensorData::BaseImu::BaseImu(const SensorData::BaseImu&)’ is deprecated [-Wdeprecated-copy]
   43 |     if (time_gap_ == 0) return imu_buffer_.back();
      |                                                 ^
In file included from /home/joe/Desktop/segway_ws/segway_ws/src/segway_ros2/include/Ge_encoder_odometry.h:16,
                 from /home/joe/Desktop/segway_ws/segway_ws/src/segway_ros2/include/segway_ros2/drive_segway_sample.hpp:5,
                 from /home/joe/Desktop/segway_ws/segway_ws/src/segway_ros2/src/drive_segway_sample.cpp:10:
/home/joe/Desktop/segway_ws/segway_ws/src/segway_ros2/include/Ge_encoder_sensordata.h:17:18: note: because ‘SensorData::BaseImu’ has user-provided ‘SensorData::BaseImu& SensorData::BaseImu::operator=(SensorData::BaseImu&)’
   17 |         BaseImu& operator=(BaseImu& other)
      |                  ^~~~~~~~
In file included from /home/joe/Desktop/segway_ws/segway_ws/src/segway_ros2/include/segway_ros2/drive_segway_sample.hpp:5,
                 from /home/joe/Desktop/segway_ws/segway_ws/src/segway_ros2/src/drive_segway_sample.cpp:10:
/home/joe/Desktop/segway_ws/segway_ws/src/segway_ros2/include/Ge_encoder_odometry.h:47:12: warning: implicitly-declared ‘constexpr SensorData::BaseImu::BaseImu(const SensorData::BaseImu&)’ is deprecated [-Wdeprecated-copy]
   47 |     return res_imu;
      |            ^~~~~~~
In file included from /home/joe/Desktop/segway_ws/segway_ws/src/segway_ros2/include/Ge_encoder_odometry.h:16,
                 from /home/joe/Desktop/segway_ws/segway_ws/src/segway_ros2/include/segway_ros2/drive_segway_sample.hpp:5,
                 from /home/joe/Desktop/segway_ws/segway_ws/src/segway_ros2/src/drive_segway_sample.cpp:10:
/home/joe/Desktop/segway_ws/segway_ws/src/segway_ros2/include/Ge_encoder_sensordata.h:17:18: note: because ‘SensorData::BaseImu’ has user-provided ‘SensorData::BaseImu& SensorData::BaseImu::operator=(SensorData::BaseImu&)’
   17 |         BaseImu& operator=(BaseImu& other)
      |                  ^~~~~~~~
