-- Found ament_cmake: 1.3.8 (/opt/ros/humble/share/ament_cmake/cmake)
-- Override CMake install command with custom implementation using symlinks instead of copying resources
-- Found rclcpp: 16.0.8 (/opt/ros/humble/share/rclcpp/cmake)
-- Found rosidl_generator_c: 3.1.5 (/opt/ros/humble/share/rosidl_generator_c/cmake)
-- Found rosidl_adapter: 3.1.5 (/opt/ros/humble/share/rosidl_adapter/cmake)
-- Found rosidl_generator_cpp: 3.1.5 (/opt/ros/humble/share/rosidl_generator_cpp/cmake)
-- Using all available rosidl_typesupport_c: rosidl_typesupport_fastrtps_c;rosidl_typesupport_introspection_c
-- Using all available rosidl_typesupport_cpp: rosidl_typesupport_fastrtps_cpp;rosidl_typesupport_introspection_cpp
-- Found rmw_implementation_cmake: 6.1.1 (/opt/ros/humble/share/rmw_implementation_cmake/cmake)
-- Found rmw_cyclonedds_cpp: 1.3.4 (/opt/ros/humble/share/rmw_cyclonedds_cpp/cmake)
-- Using RMW implementation 'rmw_cyclonedds_cpp' as default
-- Found geometry_msgs: 4.2.3 (/opt/ros/humble/share/geometry_msgs/cmake)
-- Found nav_msgs: 4.2.3 (/opt/ros/humble/share/nav_msgs/cmake)
-- Found segway_msgs: 0.0.0 (/home/joe/Desktop/segway_ws/segway_ws/install/segway_msgs/share/segway_msgs/cmake)
-- Found sensor_msgs: 4.2.3 (/opt/ros/humble/share/sensor_msgs/cmake)
-- Found tf2: 0.25.6 (/opt/ros/humble/share/tf2/cmake)
-- Found tf2_ros: 0.25.6 (/opt/ros/humble/share/tf2_ros/cmake)
-- Found tf2_geometry_msgs: 0.25.6 (/opt/ros/humble/share/tf2_geometry_msgs/cmake)
-- Found eigen3_cmake_module: 0.1.1 (/opt/ros/humble/share/eigen3_cmake_module/cmake)
-- Ensuring Eigen3 include directory is part of orocos-kdl CMake target
-- Found tier4_vehicle_msgs: 0.1.0 (/home/joe/pac-man/install/tier4_vehicle_msgs/share/tier4_vehicle_msgs/cmake)
-- Found autoware_auto_vehicle_msgs: 1.0.0 (/home/joe/pac-man/install/autoware_auto_vehicle_msgs/share/autoware_auto_vehicle_msgs/cmake)
-- Configuring done
-- Generating done
-- Build files have been written to: /home/joe/Desktop/segway_ws/segway_ws/build/segway_ros2
[ 50%] [32mBuilding CXX object CMakeFiles/drive_sample.dir/src/drive_segway_sample.cpp.o[0m
In file included from /home/joe/Desktop/segway_ws/segway_ws/src/segway_ros2/include/Ge_encoder_odometry.h:16,
                 from /home/joe/Desktop/segway_ws/segway_ws/src/segway_ros2/include/segway_ros2/drive_segway_sample.hpp:5,
                 from /home/joe/Desktop/segway_ws/segway_ws/src/segway_ros2/src/drive_segway_sample.cpp:10:
/home/joe/Desktop/segway_ws/segway_ws/src/segway_ros2/include/Ge_encoder_sensordata.h: In member function ‘SensorData::BaseImu SensorData::BaseImu::Interpolation(int64_t, SensorData::BaseImu, SensorData::BaseImu)’:
/home/joe/Desktop/segway_ws/segway_ws/src/segway_ros2/include/Ge_encoder_sensordata.h:29:58: warning: implicitly-declared ‘constexpr SensorData::BaseImu::BaseImu(const SensorData::BaseImu&)’ is deprecated [-Wdeprecated-copy]
   29 |             if(time_inter <= imu_before.TimeStamp)return imu_before;
      |                                                          ^~~~~~~~~~
/home/joe/Desktop/segway_ws/segway_ws/src/segway_ros2/include/Ge_encoder_sensordata.h:17:18: note: because ‘SensorData::BaseImu’ has user-provided ‘SensorData::BaseImu& SensorData::BaseImu::operator=(SensorData::BaseImu&)’
   17 |         BaseImu& operator=(BaseImu& other)
      |                  ^~~~~~~~
/home/joe/Desktop/segway_ws/segway_ws/src/segway_ros2/include/Ge_encoder_sensordata.h:30:57: warning: implicitly-declared ‘constexpr SensorData::BaseImu::BaseImu(const SensorData::BaseImu&)’ is deprecated [-Wdeprecated-copy]
   30 |             if(time_inter >= imu_after.TimeStamp)return imu_after;
      |                                                         ^~~~~~~~~
/home/joe/Desktop/segway_ws/segway_ws/src/segway_ros2/include/Ge_encoder_sensordata.h:17:18: note: because ‘SensorData::BaseImu’ has user-provided ‘SensorData::BaseImu& SensorData::BaseImu::operator=(SensorData::BaseImu&)’
   17 |         BaseImu& operator=(BaseImu& other)
      |                  ^~~~~~~~
/home/joe/Desktop/segway_ws/segway_ws/src/segway_ros2/include/Ge_encoder_sensordata.h:31:67: warning: implicitly-declared ‘constexpr SensorData::BaseImu::BaseImu(const SensorData::BaseImu&)’ is deprecated [-Wdeprecated-copy]
   31 |             if(imu_before.TimeStamp == imu_after.TimeStamp)return imu_before;
      |                                                                   ^~~~~~~~~~
/home/joe/Desktop/segway_ws/segway_ws/src/segway_ros2/include/Ge_encoder_sensordata.h:17:18: note: because ‘SensorData::BaseImu’ has user-provided ‘SensorData::BaseImu& SensorData::BaseImu::operator=(SensorData::BaseImu&)’
   17 |         BaseImu& operator=(BaseImu& other)
      |                  ^~~~~~~~
/home/joe/Desktop/segway_ws/segway_ws/src/segway_ros2/include/Ge_encoder_sensordata.h:38:20: warning: implicitly-declared ‘constexpr SensorData::BaseImu::BaseImu(const SensorData::BaseImu&)’ is deprecated [-Wdeprecated-copy]
   38 |             return res;
      |                    ^~~
/home/joe/Desktop/segway_ws/segway_ws/src/segway_ros2/include/Ge_encoder_sensordata.h:17:18: note: because ‘SensorData::BaseImu’ has user-provided ‘SensorData::BaseImu& SensorData::BaseImu::operator=(SensorData::BaseImu&)’
   17 |         BaseImu& operator=(BaseImu& other)
      |                  ^~~~~~~~
In file included from /home/joe/Desktop/segway_ws/segway_ws/src/segway_ros2/include/segway_ros2/drive_segway_sample.hpp:5,
                 from /home/joe/Desktop/segway_ws/segway_ws/src/segway_ros2/src/drive_segway_sample.cpp:10:
/home/joe/Desktop/segway_ws/segway_ws/src/segway_ros2/include/Ge_encoder_odometry.h: In member function ‘SensorData::BaseImu ImuRecord::getAverageImu(int64_t)’:
/home/joe/Desktop/segway_ws/segway_ws/src/segway_ros2/include/Ge_encoder_odometry.h:28:38: warning: implicitly-declared ‘constexpr SensorData::BaseImu::BaseImu(const SensorData::BaseImu&)’ is deprecated [-Wdeprecated-copy]
   28 |     SensorData::BaseImu imu_after = *i;
      |                                      ^
In file included from /home/joe/Desktop/segway_ws/segway_ws/src/segway_ros2/include/Ge_encoder_odometry.h:16,
                 from /home/joe/Desktop/segway_ws/segway_ws/src/segway_ros2/include/segway_ros2/drive_segway_sample.hpp:5,
                 from /home/joe/Desktop/segway_ws/segway_ws/src/segway_ros2/src/drive_segway_sample.cpp:10:
/home/joe/Desktop/segway_ws/segway_ws/src/segway_ros2/include/Ge_encoder_sensordata.h:17:18: note: because ‘SensorData::BaseImu’ has user-provided ‘SensorData::BaseImu& SensorData::BaseImu::operator=(SensorData::BaseImu&)’
   17 |         BaseImu& operator=(BaseImu& other)
      |                  ^~~~~~~~
In file included from /home/joe/Desktop/segway_ws/segway_ws/src/segway_ros2/include/segway_ros2/drive_segway_sample.hpp:5,
                 from /home/joe/Desktop/segway_ws/segway_ws/src/segway_ros2/src/drive_segway_sample.cpp:10:
/home/joe/Desktop/segway_ws/segway_ws/src/segway_ros2/include/Ge_encoder_odometry.h:38:55: warning: implicitly-declared ‘constexpr SensorData::BaseImu::BaseImu(const SensorData::BaseImu&)’ is deprecated [-Wdeprecated-copy]
   38 |       SensorData::BaseImu imu_suanz = i->Interpolation(ts, *i, *j);
      |                                       ~~~~~~~~~~~~~~~~^~~~~~~~~~~~
In file included from /home/joe/Desktop/segway_ws/segway_ws/src/segway_ros2/include/Ge_encoder_odometry.h:16,
                 from /home/joe/Desktop/segway_ws/segway_ws/src/segway_ros2/include/segway_ros2/drive_segway_sample.hpp:5,
                 from /home/joe/Desktop/segway_ws/segway_ws/src/segway_ros2/src/drive_segway_sample.cpp:10:
/home/joe/Desktop/segway_ws/segway_ws/src/segway_ros2/include/Ge_encoder_sensordata.h:17:18: note: because ‘SensorData::BaseImu’ has user-provided ‘SensorData::BaseImu& SensorData::BaseImu::operator=(SensorData::BaseImu&)’
   17 |         BaseImu& operator=(BaseImu& other)
      |                  ^~~~~~~~
/home/joe/Desktop/segway_ws/segway_ws/src/segway_ros2/include/Ge_encoder_sensordata.h:26:59: note:   initializing argument 2 of ‘SensorData::BaseImu SensorData::BaseImu::Interpolation(int64_t, SensorData::BaseImu, SensorData::BaseImu)’
   26 |         BaseImu Interpolation(int64_t time_inter, BaseImu imu_before, BaseImu imu_after){
      |                                                   ~~~~~~~~^~~~~~~~~~
In file included from /home/joe/Desktop/segway_ws/segway_ws/src/segway_ros2/include/segway_ros2/drive_segway_sample.hpp:5,
                 from /home/joe/Desktop/segway_ws/segway_ws/src/segway_ros2/src/drive_segway_sample.cpp:10:
/home/joe/Desktop/segway_ws/segway_ws/src/segway_ros2/include/Ge_encoder_odometry.h:38:55: warning: implicitly-declared ‘constexpr SensorData::BaseImu::BaseImu(const SensorData::BaseImu&)’ is deprecated [-Wdeprecated-copy]
   38 |       SensorData::BaseImu imu_suanz = i->Interpolation(ts, *i, *j);
      |                                       ~~~~~~~~~~~~~~~~^~~~~~~~~~~~
In file included from /home/joe/Desktop/segway_ws/segway_ws/src/segway_ros2/include/Ge_encoder_odometry.h:16,
                 from /home/joe/Desktop/segway_ws/segway_ws/src/segway_ros2/include/segway_ros2/drive_segway_sample.hpp:5,
                 from /home/joe/Desktop/segway_ws/segway_ws/src/segway_ros2/src/drive_segway_sample.cpp:10:
/home/joe/Desktop/segway_ws/segway_ws/src/segway_ros2/include/Ge_encoder_sensordata.h:17:18: note: because ‘SensorData::BaseImu’ has user-provided ‘SensorData::BaseImu& SensorData::BaseImu::operator=(SensorData::BaseImu&)’
   17 |         BaseImu& operator=(BaseImu& other)
      |                  ^~~~~~~~
/home/joe/Desktop/segway_ws/segway_ws/src/segway_ros2/include/Ge_encoder_sensordata.h:26:79: note:   initializing argument 3 of ‘SensorData::BaseImu SensorData::BaseImu::Interpolation(int64_t, SensorData::BaseImu, SensorData::BaseImu)’
   26 |         BaseImu Interpolation(int64_t time_inter, BaseImu imu_before, BaseImu imu_after){
      |                                                                       ~~~~~~~~^~~~~~~~~
In file included from /home/joe/Desktop/segway_ws/segway_ws/src/segway_ros2/include/segway_ros2/drive_segway_sample.hpp:5,
                 from /home/joe/Desktop/segway_ws/segway_ws/src/segway_ros2/src/drive_segway_sample.cpp:10:
/home/joe/Desktop/segway_ws/segway_ws/src/segway_ros2/include/Ge_encoder_odometry.h:43:49: warning: implicitly-declared ‘constexpr SensorData::BaseImu::BaseImu(const SensorData::BaseImu&)’ is deprecated [-Wdeprecated-copy]
   43 |     if (time_gap_ == 0) return imu_buffer_.back();
      |                                                 ^
In file included from /home/joe/Desktop/segway_ws/segway_ws/src/segway_ros2/include/Ge_encoder_odometry.h:16,
                 from /home/joe/Desktop/segway_ws/segway_ws/src/segway_ros2/include/segway_ros2/drive_segway_sample.hpp:5,
                 from /home/joe/Desktop/segway_ws/segway_ws/src/segway_ros2/src/drive_segway_sample.cpp:10:
/home/joe/Desktop/segway_ws/segway_ws/src/segway_ros2/include/Ge_encoder_sensordata.h:17:18: note: because ‘SensorData::BaseImu’ has user-provided ‘SensorData::BaseImu& SensorData::BaseImu::operator=(SensorData::BaseImu&)’
   17 |         BaseImu& operator=(BaseImu& other)
      |                  ^~~~~~~~
In file included from /home/joe/Desktop/segway_ws/segway_ws/src/segway_ros2/include/segway_ros2/drive_segway_sample.hpp:5,
                 from /home/joe/Desktop/segway_ws/segway_ws/src/segway_ros2/src/drive_segway_sample.cpp:10:
/home/joe/Desktop/segway_ws/segway_ws/src/segway_ros2/include/Ge_encoder_odometry.h:47:12: warning: implicitly-declared ‘constexpr SensorData::BaseImu::BaseImu(const SensorData::BaseImu&)’ is deprecated [-Wdeprecated-copy]
   47 |     return res_imu;
      |            ^~~~~~~
In file included from /home/joe/Desktop/segway_ws/segway_ws/src/segway_ros2/include/Ge_encoder_odometry.h:16,
                 from /home/joe/Desktop/segway_ws/segway_ws/src/segway_ros2/include/segway_ros2/drive_segway_sample.hpp:5,
                 from /home/joe/Desktop/segway_ws/segway_ws/src/segway_ros2/src/drive_segway_sample.cpp:10:
/home/joe/Desktop/segway_ws/segway_ws/src/segway_ros2/include/Ge_encoder_sensordata.h:17:18: note: because ‘SensorData::BaseImu’ has user-provided ‘SensorData::BaseImu& SensorData::BaseImu::operator=(SensorData::BaseImu&)’
   17 |         BaseImu& operator=(BaseImu& other)
      |                  ^~~~~~~~
[100%] [32m[1mLinking CXX executable drive_sample[0m
[100%] Built target drive_sample
-- Install configuration: "Release"
-- Execute custom install script
-- Symlinking: /home/joe/Desktop/segway_ws/segway_ws/install/segway_ros2/lib/segway_ros2/drive_sample
-- Symlinking: /home/joe/Desktop/segway_ws/segway_ws/install/segway_ros2/share/ament_index/resource_index/package_run_dependencies/segway_ros2
-- Symlinking: /home/joe/Desktop/segway_ws/segway_ws/install/segway_ros2/share/ament_index/resource_index/parent_prefix_path/segway_ros2
-- Symlinking: /home/joe/Desktop/segway_ws/segway_ws/install/segway_ros2/share/segway_ros2/environment/ament_prefix_path.sh
-- Symlinking: /home/joe/Desktop/segway_ws/segway_ws/install/segway_ros2/share/segway_ros2/environment/ament_prefix_path.dsv
-- Symlinking: /home/joe/Desktop/segway_ws/segway_ws/install/segway_ros2/share/segway_ros2/environment/path.sh
-- Symlinking: /home/joe/Desktop/segway_ws/segway_ws/install/segway_ros2/share/segway_ros2/environment/path.dsv
-- Symlinking: /home/joe/Desktop/segway_ws/segway_ws/install/segway_ros2/share/segway_ros2/local_setup.bash
-- Symlinking: /home/joe/Desktop/segway_ws/segway_ws/install/segway_ros2/share/segway_ros2/local_setup.sh
-- Symlinking: /home/joe/Desktop/segway_ws/segway_ws/install/segway_ros2/share/segway_ros2/local_setup.zsh
-- Symlinking: /home/joe/Desktop/segway_ws/segway_ws/install/segway_ros2/share/segway_ros2/local_setup.dsv
-- Symlinking: /home/joe/Desktop/segway_ws/segway_ws/install/segway_ros2/share/segway_ros2/package.dsv
-- Symlinking: /home/joe/Desktop/segway_ws/segway_ws/install/segway_ros2/share/ament_index/resource_index/packages/segway_ros2
-- Symlinking: /home/joe/Desktop/segway_ws/segway_ws/install/segway_ros2/share/segway_ros2/cmake/segway_ros2Config.cmake
-- Symlinking: /home/joe/Desktop/segway_ws/segway_ws/install/segway_ros2/share/segway_ros2/cmake/segway_ros2Config-version.cmake
-- Symlinking: /home/joe/Desktop/segway_ws/segway_ws/install/segway_ros2/share/segway_ros2/package.xml
